2022-06-13 11:49:57,904 - middleware.py[line:51] - INFO: Enabled downloader middlewares:
['scrapy.downloadermiddlewares.httpauth.HttpAuthMiddleware',
 'scrapy.downloadermiddlewares.downloadtimeout.DownloadTimeoutMiddleware',
 'scrapy.downloadermiddlewares.defaultheaders.DefaultHeadersMiddleware',
 'scrapy.downloadermiddlewares.useragent.UserAgentMiddleware',
 'boss.middlewares.BossDownloaderMiddleware',
 'scrapy.downloadermiddlewares.retry.RetryMiddleware',
 'scrapy.downloadermiddlewares.redirect.MetaRefreshMiddleware',
 'scrapy.downloadermiddlewares.httpcompression.HttpCompressionMiddleware',
 'scrapy.downloadermiddlewares.redirect.RedirectMiddleware',
 'scrapy.downloadermiddlewares.httpproxy.HttpProxyMiddleware',
 'scrapy.downloadermiddlewares.stats.DownloaderStats']
2022-06-13 11:49:57,909 - middleware.py[line:51] - INFO: Enabled spider middlewares:
['scrapy.spidermiddlewares.httperror.HttpErrorMiddleware',
 'scrapy.spidermiddlewares.offsite.OffsiteMiddleware',
 'scrapy.spidermiddlewares.referer.RefererMiddleware',
 'scrapy.spidermiddlewares.urllength.UrlLengthMiddleware',
 'scrapy.spidermiddlewares.depth.DepthMiddleware']
2022-06-13 11:49:57,910 - middleware.py[line:51] - INFO: Enabled item pipelines:
[]
2022-06-13 11:49:57,911 - engine.py[line:313] - INFO: Spider opened
2022-06-13 11:49:58,240 - logstats.py[line:48] - INFO: Crawled 0 pages (at 0 pages/min), scraped 0 items (at 0 items/min)
2022-06-13 11:49:58,241 - middlewares.py[line:120] - INFO: Spider opened: jishu1
2022-06-13 11:49:58,241 - telnet.py[line:67] - INFO: Telnet console listening on 127.0.0.1:6023
2022-06-13 11:49:58,356 - redirect.py[line:55] - DEBUG: Redirecting (302) to <GET https://www.zhipin.com/web/common/security-check.html?seed=bs7hP1NEd6YrLZhfXM5djiNKecUEBi2LMWbE5beN%2FB0%3D&name=a8d239c0&ts=1655092198013&callbackUrl=%2Fc100010000-p100101%2F%3Fpage%3D2&srcReferer=> from <GET https://www.zhipin.com/c100010000-p100101/?page=2>
2022-06-13 11:49:58,668 - engine.py[line:291] - DEBUG: Crawled (200) <GET https://www.zhipin.com/web/common/security-check.html?seed=bs7hP1NEd6YrLZhfXM5djiNKecUEBi2LMWbE5beN%2FB0%3D&name=a8d239c0&ts=1655092198013&callbackUrl=%2Fc100010000-p100101%2F%3Fpage%3D2&srcReferer=> (referer: None)
2022-06-13 11:49:58,797 - engine.py[line:358] - INFO: Closing spider (finished)
2022-06-13 11:49:58,798 - statscollectors.py[line:46] - INFO: Dumping Scrapy stats:
{'downloader/request_bytes': 6701,
 'downloader/request_count': 2,
 'downloader/request_method_count/GET': 2,
 'downloader/response_bytes': 4044,
 'downloader/response_count': 2,
 'downloader/response_status_count/200': 1,
 'downloader/response_status_count/302': 1,
 'elapsed_time_seconds': 0.557126,
 'finish_reason': 'finished',
 'finish_time': datetime.datetime(2022, 6, 13, 3, 49, 58, 797925),
 'httpcompression/response_bytes': 9582,
 'httpcompression/response_count': 1,
 'log_count/DEBUG': 3,
 'log_count/INFO': 11,
 'response_received_count': 1,
 'scheduler/dequeued': 2,
 'scheduler/dequeued/memory': 2,
 'scheduler/enqueued': 2,
 'scheduler/enqueued/memory': 2,
 'start_time': datetime.datetime(2022, 6, 13, 3, 49, 58, 240799)}
2022-06-13 11:49:58,798 - engine.py[line:385] - INFO: Spider closed (finished)
