2022-06-13 18:34:51,992 - middleware.py[line:51] - INFO: Enabled downloader middlewares:
['scrapy.downloadermiddlewares.httpauth.HttpAuthMiddleware',
 'scrapy.downloadermiddlewares.downloadtimeout.DownloadTimeoutMiddleware',
 'scrapy.downloadermiddlewares.defaultheaders.DefaultHeadersMiddleware',
 'scrapy.downloadermiddlewares.useragent.UserAgentMiddleware',
 'boss.middlewares.BossDownloaderMiddleware',
 'scrapy.downloadermiddlewares.retry.RetryMiddleware',
 'scrapy.downloadermiddlewares.redirect.MetaRefreshMiddleware',
 'scrapy.downloadermiddlewares.httpcompression.HttpCompressionMiddleware',
 'scrapy.downloadermiddlewares.redirect.RedirectMiddleware',
 'scrapy.downloadermiddlewares.httpproxy.HttpProxyMiddleware',
 'scrapy.downloadermiddlewares.stats.DownloaderStats']
2022-06-13 18:34:51,995 - middleware.py[line:51] - INFO: Enabled spider middlewares:
['scrapy.spidermiddlewares.httperror.HttpErrorMiddleware',
 'scrapy.spidermiddlewares.offsite.OffsiteMiddleware',
 'scrapy.spidermiddlewares.referer.RefererMiddleware',
 'scrapy.spidermiddlewares.urllength.UrlLengthMiddleware',
 'scrapy.spidermiddlewares.depth.DepthMiddleware']
2022-06-13 18:34:51,995 - middleware.py[line:51] - INFO: Enabled item pipelines:
[]
2022-06-13 18:34:51,995 - engine.py[line:313] - INFO: Spider opened
2022-06-13 18:34:52,276 - logstats.py[line:48] - INFO: Crawled 0 pages (at 0 pages/min), scraped 0 items (at 0 items/min)
2022-06-13 18:34:52,276 - middlewares.py[line:120] - INFO: Spider opened: jishu1
2022-06-13 18:34:52,277 - telnet.py[line:67] - INFO: Telnet console listening on 127.0.0.1:6023
2022-06-13 18:34:52,353 - engine.py[line:291] - DEBUG: Crawled (403) <GET https://www.zhipin.com/c100010000-p100101/?page=2> (referer: None)
2022-06-13 18:34:52,466 - httperror.py[line:53] - INFO: Ignoring response <403 https://www.zhipin.com/c100010000-p100101/?page=2>: HTTP status code is not handled or not allowed
2022-06-13 18:34:52,467 - engine.py[line:358] - INFO: Closing spider (finished)
2022-06-13 18:34:52,468 - statscollectors.py[line:46] - INFO: Dumping Scrapy stats:
{'downloader/request_bytes': 3309,
 'downloader/request_count': 1,
 'downloader/request_method_count/GET': 1,
 'downloader/response_bytes': 3504,
 'downloader/response_count': 1,
 'downloader/response_status_count/403': 1,
 'elapsed_time_seconds': 0.192042,
 'finish_reason': 'finished',
 'finish_time': datetime.datetime(2022, 6, 13, 10, 34, 52, 468372),
 'httpcompression/response_bytes': 9008,
 'httpcompression/response_count': 1,
 'httperror/response_ignored_count': 1,
 'httperror/response_ignored_status_count/403': 1,
 'log_count/DEBUG': 2,
 'log_count/INFO': 12,
 'response_received_count': 1,
 'scheduler/dequeued': 1,
 'scheduler/dequeued/memory': 1,
 'scheduler/enqueued': 1,
 'scheduler/enqueued/memory': 1,
 'start_time': datetime.datetime(2022, 6, 13, 10, 34, 52, 276330)}
2022-06-13 18:34:52,468 - engine.py[line:385] - INFO: Spider closed (finished)
