2022-06-13 14:16:34,336 - middleware.py[line:51] - INFO: Enabled downloader middlewares:
['scrapy.downloadermiddlewares.httpauth.HttpAuthMiddleware',
 'scrapy.downloadermiddlewares.downloadtimeout.DownloadTimeoutMiddleware',
 'scrapy.downloadermiddlewares.defaultheaders.DefaultHeadersMiddleware',
 'scrapy.downloadermiddlewares.useragent.UserAgentMiddleware',
 'boss.middlewares.BossDownloaderMiddleware',
 'scrapy.downloadermiddlewares.retry.RetryMiddleware',
 'scrapy.downloadermiddlewares.redirect.MetaRefreshMiddleware',
 'scrapy.downloadermiddlewares.httpcompression.HttpCompressionMiddleware',
 'scrapy.downloadermiddlewares.redirect.RedirectMiddleware',
 'scrapy.downloadermiddlewares.httpproxy.HttpProxyMiddleware',
 'scrapy.downloadermiddlewares.stats.DownloaderStats']
2022-06-13 14:16:34,339 - middleware.py[line:51] - INFO: Enabled spider middlewares:
['scrapy.spidermiddlewares.httperror.HttpErrorMiddleware',
 'scrapy.spidermiddlewares.offsite.OffsiteMiddleware',
 'scrapy.spidermiddlewares.referer.RefererMiddleware',
 'scrapy.spidermiddlewares.urllength.UrlLengthMiddleware',
 'scrapy.spidermiddlewares.depth.DepthMiddleware']
2022-06-13 14:16:34,340 - middleware.py[line:51] - INFO: Enabled item pipelines:
[]
2022-06-13 14:16:34,340 - engine.py[line:313] - INFO: Spider opened
2022-06-13 14:16:34,624 - logstats.py[line:48] - INFO: Crawled 0 pages (at 0 pages/min), scraped 0 items (at 0 items/min)
2022-06-13 14:16:34,624 - middlewares.py[line:120] - INFO: Spider opened: jishu1
2022-06-13 14:16:34,625 - telnet.py[line:67] - INFO: Telnet console listening on 127.0.0.1:6023
2022-06-13 14:16:34,800 - engine.py[line:291] - DEBUG: Crawled (200) <GET https://www.zhipin.com/c100010000-p100101/?page=2> (referer: https://www.zhipin.com/c100010000-p100101/?page=2)
2022-06-13 14:16:34,939 - engine.py[line:358] - INFO: Closing spider (finished)
2022-06-13 14:16:34,940 - statscollectors.py[line:46] - INFO: Dumping Scrapy stats:
{'downloader/request_bytes': 3392,
 'downloader/request_count': 1,
 'downloader/request_method_count/GET': 1,
 'downloader/response_bytes': 34194,
 'downloader/response_count': 1,
 'downloader/response_status_count/200': 1,
 'elapsed_time_seconds': 0.317067,
 'finish_reason': 'finished',
 'finish_time': datetime.datetime(2022, 6, 13, 6, 16, 34, 940443),
 'httpcompression/response_bytes': 228759,
 'httpcompression/response_count': 1,
 'log_count/DEBUG': 2,
 'log_count/INFO': 11,
 'response_received_count': 1,
 'scheduler/dequeued': 1,
 'scheduler/dequeued/memory': 1,
 'scheduler/enqueued': 1,
 'scheduler/enqueued/memory': 1,
 'start_time': datetime.datetime(2022, 6, 13, 6, 16, 34, 623376)}
2022-06-13 14:16:34,940 - engine.py[line:385] - INFO: Spider closed (finished)
