2022-06-13 11:31:35,988 - middleware.py[line:51] - INFO: Enabled downloader middlewares:
['scrapy.downloadermiddlewares.httpauth.HttpAuthMiddleware',
 'scrapy.downloadermiddlewares.downloadtimeout.DownloadTimeoutMiddleware',
 'scrapy.downloadermiddlewares.defaultheaders.DefaultHeadersMiddleware',
 'boss.middlewares.RandomIPMiddleware',
 'scrapy.downloadermiddlewares.useragent.UserAgentMiddleware',
 'boss.middlewares.BossDownloaderMiddleware',
 'scrapy.downloadermiddlewares.retry.RetryMiddleware',
 'scrapy.downloadermiddlewares.redirect.MetaRefreshMiddleware',
 'scrapy.downloadermiddlewares.httpcompression.HttpCompressionMiddleware',
 'scrapy.downloadermiddlewares.redirect.RedirectMiddleware',
 'scrapy.downloadermiddlewares.httpproxy.HttpProxyMiddleware',
 'scrapy.downloadermiddlewares.stats.DownloaderStats']
2022-06-13 11:31:35,992 - middleware.py[line:51] - INFO: Enabled spider middlewares:
['scrapy.spidermiddlewares.httperror.HttpErrorMiddleware',
 'scrapy.spidermiddlewares.offsite.OffsiteMiddleware',
 'scrapy.spidermiddlewares.referer.RefererMiddleware',
 'scrapy.spidermiddlewares.urllength.UrlLengthMiddleware',
 'scrapy.spidermiddlewares.depth.DepthMiddleware']
2022-06-13 11:31:35,993 - middleware.py[line:51] - INFO: Enabled item pipelines:
[]
2022-06-13 11:31:35,993 - engine.py[line:313] - INFO: Spider opened
2022-06-13 11:31:36,338 - logstats.py[line:48] - INFO: Crawled 0 pages (at 0 pages/min), scraped 0 items (at 0 items/min)
2022-06-13 11:31:36,338 - middlewares.py[line:120] - INFO: Spider opened: jishu1
2022-06-13 11:31:36,339 - telnet.py[line:67] - INFO: Telnet console listening on 127.0.0.1:6024
2022-06-13 11:31:36,340 - middlewares.py[line:168] - INFO: 使用代理[113.237.185.131:4261]访问[https://www.zhipin.com/c100010000-p100101/?page=2]
2022-06-13 11:31:36,688 - redirect.py[line:55] - DEBUG: Redirecting (302) to <GET https://www.zhipin.com/web/common/security-check.html?seed=jnrk9z%2FjUEeTdSbLKLZ3JTPUTxwD6GEMsQvEDBqYne8%3D&name=a8d239c0&ts=1655091096307&callbackUrl=%2Fc100010000-p100101%2F%3Fpage%3D2&srcReferer=> from <GET https://www.zhipin.com/c100010000-p100101/?page=2>
2022-06-13 11:31:36,689 - middlewares.py[line:168] - INFO: 使用代理[116.115.210.179:4231]访问[https://www.zhipin.com/web/common/security-check.html?seed=jnrk9z%2FjUEeTdSbLKLZ3JTPUTxwD6GEMsQvEDBqYne8%3D&name=a8d239c0&ts=1655091096307&callbackUrl=%2Fc100010000-p100101%2F%3Fpage%3D2&srcReferer=]
2022-06-13 11:31:57,746 - retry.py[line:96] - DEBUG: Retrying <GET https://www.zhipin.com/web/common/security-check.html?seed=jnrk9z%2FjUEeTdSbLKLZ3JTPUTxwD6GEMsQvEDBqYne8%3D&name=a8d239c0&ts=1655091096307&callbackUrl=%2Fc100010000-p100101%2F%3Fpage%3D2&srcReferer=> (failed 1 times): TCP connection timed out: 10060: 由于连接方在一段时间后没有正确答复或连接的主机没有反应，连接尝试失败。.
2022-06-13 11:31:57,747 - middlewares.py[line:168] - INFO: 使用代理[113.237.240.24:4261]访问[https://www.zhipin.com/web/common/security-check.html?seed=jnrk9z%2FjUEeTdSbLKLZ3JTPUTxwD6GEMsQvEDBqYne8%3D&name=a8d239c0&ts=1655091096307&callbackUrl=%2Fc100010000-p100101%2F%3Fpage%3D2&srcReferer=]
2022-06-13 11:31:58,120 - engine.py[line:291] - DEBUG: Crawled (200) <GET https://www.zhipin.com/web/common/security-check.html?seed=jnrk9z%2FjUEeTdSbLKLZ3JTPUTxwD6GEMsQvEDBqYne8%3D&name=a8d239c0&ts=1655091096307&callbackUrl=%2Fc100010000-p100101%2F%3Fpage%3D2&srcReferer=> (referer: None)
2022-06-13 11:31:58,243 - engine.py[line:358] - INFO: Closing spider (finished)
2022-06-13 11:31:58,244 - statscollectors.py[line:46] - INFO: Dumping Scrapy stats:
{'downloader/exception_count': 1,
 'downloader/exception_type_count/twisted.internet.error.TCPTimedOutError': 1,
 'downloader/request_bytes': 10126,
 'downloader/request_count': 3,
 'downloader/request_method_count/GET': 3,
 'downloader/response_bytes': 4044,
 'downloader/response_count': 2,
 'downloader/response_status_count/200': 1,
 'downloader/response_status_count/302': 1,
 'elapsed_time_seconds': 21.904741,
 'finish_reason': 'finished',
 'finish_time': datetime.datetime(2022, 6, 13, 3, 31, 58, 243547),
 'httpcompression/response_bytes': 9582,
 'httpcompression/response_count': 1,
 'log_count/DEBUG': 4,
 'log_count/INFO': 14,
 'response_received_count': 1,
 'retry/count': 1,
 'retry/reason_count/twisted.internet.error.TCPTimedOutError': 1,
 'scheduler/dequeued': 3,
 'scheduler/dequeued/memory': 3,
 'scheduler/enqueued': 3,
 'scheduler/enqueued/memory': 3,
 'start_time': datetime.datetime(2022, 6, 13, 3, 31, 36, 338806)}
2022-06-13 11:31:58,244 - engine.py[line:385] - INFO: Spider closed (finished)
