2022-06-13 18:02:52,542 - middleware.py[line:51] - INFO: Enabled downloader middlewares:
['scrapy.downloadermiddlewares.httpauth.HttpAuthMiddleware',
 'scrapy.downloadermiddlewares.downloadtimeout.DownloadTimeoutMiddleware',
 'scrapy.downloadermiddlewares.defaultheaders.DefaultHeadersMiddleware',
 'scrapy.downloadermiddlewares.useragent.UserAgentMiddleware',
 'boss.middlewares.BossDownloaderMiddleware',
 'scrapy.downloadermiddlewares.retry.RetryMiddleware',
 'scrapy.downloadermiddlewares.redirect.MetaRefreshMiddleware',
 'scrapy.downloadermiddlewares.httpcompression.HttpCompressionMiddleware',
 'scrapy.downloadermiddlewares.redirect.RedirectMiddleware',
 'scrapy.downloadermiddlewares.httpproxy.HttpProxyMiddleware',
 'scrapy.downloadermiddlewares.stats.DownloaderStats']
2022-06-13 18:02:52,545 - middleware.py[line:51] - INFO: Enabled spider middlewares:
['scrapy.spidermiddlewares.httperror.HttpErrorMiddleware',
 'scrapy.spidermiddlewares.offsite.OffsiteMiddleware',
 'scrapy.spidermiddlewares.referer.RefererMiddleware',
 'scrapy.spidermiddlewares.urllength.UrlLengthMiddleware',
 'scrapy.spidermiddlewares.depth.DepthMiddleware']
2022-06-13 18:02:52,545 - middleware.py[line:51] - INFO: Enabled item pipelines:
[]
2022-06-13 18:02:52,545 - engine.py[line:313] - INFO: Spider opened
2022-06-13 18:02:52,835 - logstats.py[line:48] - INFO: Crawled 0 pages (at 0 pages/min), scraped 0 items (at 0 items/min)
2022-06-13 18:02:52,835 - middlewares.py[line:120] - INFO: Spider opened: jishu1
2022-06-13 18:02:52,836 - telnet.py[line:67] - INFO: Telnet console listening on 127.0.0.1:6023
2022-06-13 18:02:53,118 - engine.py[line:291] - DEBUG: Crawled (200) <GET https://www.zhipin.com/c100010000-p100101/?page=1> (referer: None)
2022-06-13 18:02:53,341 - engine.py[line:291] - DEBUG: Crawled (200) <GET https://www.zhipin.com/job_detail/2fff3aae246a9d451Xd6292_F1tR.html> (referer: https://www.zhipin.com/c100010000-p100101/?page=1)
2022-06-13 18:02:53,467 - scraper.py[line:275] - DEBUG: Scraped from <200 https://www.zhipin.com/job_detail/2fff3aae246a9d451Xd6292_F1tR.html>
{'big_type': '技术', 'small_type': 'Java', 'small_code': '100101', 'job_urls': 'https://www.zhipin.com/job_detail/aefaef42487312da1nN53N-9EVRV.html', 'job_titles': 'Java开发工程师', 'job_area': '北京・朝阳区・望京', 'salary': '13-26K・14薪', 'job_welfare': '带薪年假，免费班车，五险一金', 'company_url': 'https://www.zhipin.com/gongsi/5d627415a46b4a750nJ9.html', 'city': '北京', 'work_time': '3-5年', 'education': '本科', 'hr': '杨女士', 'hr_position': 'HR', 'job_dec': '职位描述\n                                \n                                    岗位要求1、具有3年以上的java相关经验，2、具有扎实的java功底，熟练掌握J2EE项目开发。对jvm原理有一定了解，熟悉liunx系统。3、熟悉SpringMVC、SpringBoot、SpringCloud、消息列队等开源中间件，对其运行原理有较好的理解。4、熟练使用git、maven等工具。5、对系统性能有一定的思考，开发过程中可以识别出业务扩展点。6、注重代码质量，思路清晰，善于思考，能独立分析和解决问题。7、根据项目具体要求学习和探索新技术、新知识等。8、对财务、估值业务有一定基础优先。\n                                \n                            \n                                工商信息\n                                上海贺讯信息科技有限公司\n                                \n                                    法定代表人：王D\n                                    注册资金：1000万人民币\n                                    成立日期：2017-05-23\n                                    企业类型：有限责任公司（自然人独资）\n                                    经营状态：存续\n                                \n                                查看全部\n                            \n                                工作地址\n                                    \n                                        北京海淀区北京市海淀区职业学校1111111\n                                        \n                                                \n                                                点击查看地图', 'company_dec': ''}
2022-06-13 18:02:53,864 - engine.py[line:291] - DEBUG: Crawled (200) <GET https://www.zhipin.com/job_detail/aefaef42487312da1nN53N-9EVRV.html> (referer: https://www.zhipin.com/c100010000-p100101/?page=1)
2022-06-13 18:02:53,982 - scraper.py[line:275] - DEBUG: Scraped from <200 https://www.zhipin.com/job_detail/aefaef42487312da1nN53N-9EVRV.html>
{'big_type': '技术', 'small_type': 'Java', 'small_code': '100101', 'job_urls': 'https://www.zhipin.com/job_detail/aefaef42487312da1nN53N-9EVRV.html', 'job_titles': 'Java开发工程师', 'job_area': '北京・朝阳区・望京', 'salary': '13-26K・14薪', 'job_welfare': '带薪年假，免费班车，五险一金', 'company_url': 'https://www.zhipin.com/gongsi/5d627415a46b4a750nJ9.html', 'city': '北京', 'work_time': '3-5年', 'education': '本科', 'hr': '崔先生', 'hr_position': 'HRG', 'job_dec': '职位描述\n                                \n                                    如果你想了解JAVA开发在阿里巴巴互联网生态系统中无与伦比的应用广度与深度； 如果你对基础技术感兴趣，你可以参与基础软件的设计、开发和维护，如分布式文件系统、缓存系统、Key/Value存储系统、数据库、Linux操作系统和Java优化等； 如果你热衷于高性能分布式技术，你可以参与高性能分布式服务端程序的系统设计，为阿里巴巴的产品提供强有力的后台支持，在海量的网络访问和数据处理中，设计并设施最强大的解决方案； 如果你喜欢研究搜索技术，你可以参与搜索引擎各个功能模块的设计和实现，构建高可靠性、高可用性、高可扩展性的体系结构，满足日趋复杂的业务需求； 如果你对电子商务产品技术感兴趣，你可以参与产品的开发和维护，完成从需求到设计、开发和上线等整个项目周期内的工作； 如果你对数据敏感，你可以参与海量数据处理和开发，通过sql、pl/sql、java进行etl程序开发，满足商业上对数据的开发需求； 如果你热衷于客户端开发，你可以参与为用户提供丰富而有价值的桌面或无线软件产品。岗位要求:或许，你来自计算机专业，机械专业； 但是，你酷爱着计算机以及互联网技术，热衷于解决挑战性的问题，追求极致的用户体验； 或许，你痴迷于数据结构和算法，热衷于ACM，常常为看到“accept”而兴奋的手足舞蹈； 或许，你熟悉Unix/Linux/Win32环境下编程，并有相关开发经验，熟练使用调试工具，并熟悉Perl，Python，shell等脚本语言； 或许，你熟悉网络编程和多线程编程，对TCP/IP，HTTP等网络协议有很深的理解，并了解XML和HTML语言； 或许，你热衷于数据库技术，能够熟练编写SQL脚本，有MySql或Oracle应用开发经验； 或许，你并不熟悉Java编程语言，更精通C，C++，PHP，.NET等编程语言中的一种或几种，但你有良好和快速的学习能力； 有可能，你参加过大学生数学建模竞赛，“挑战杯”，机器人足球比赛等； 也有可能，你在学校的时候作为骨干参与学生网站的建设和开发； 同时，我们还希望你： 1. 学习能力强，对新事物保有好奇心，并能快速适应新环境 2. 良好的沟通能力和团队协同能力；能与他人合作，共同完成目标 3. 对所在领域有热情，相信方法总比困难多，善于独立思考并反思总结 还在犹豫什么？我们期待着你的加入！\n                                \n                            \n                                工商信息\n                                阿里巴巴（北京）软件服务有限公司\n                                \n                                    法定代表人：刘微\n                                    注册资金：1000万人民币\n                                    成立日期：2015-07-30\n                                    企业类型：有限责任公司（外商投资企业法人独资）\n                                    经营状态：存续\n                                \n                                查看全部\n                            \n                                工作地址\n                                    \n                                        北京朝阳区阿里中心.望京A座北京市朝阳区望京东园四区9号楼\n                                        \n                                                \n                                                点击查看地图', 'company_dec': '公司介绍\n                                \n                                    阿里巴巴集团的使命是让天下没有难做的生意。我们旨在赋能企业改变营销、销售和经营的方式。我们为商家、品牌及其他企业提供基本的互联网基础设施以及营销平台，让其可借助互联网的力量与用户和客户互动。我们的业务包括核心电商、云计算、数字媒体和娱乐以及创新项目和其他业务。我们并通过子公司菜鸟网络及所投资的关联公司口碑，参与物流和本地服务行业，同时与蚂蚁金融服务集团有战略合作，该金融服务集团主要通过中国领先的第三方网上支付平台支付宝运营。我们的愿景我们旨在构建未来的商务生态系统。我们的愿景是让客户相会、工作和生活在阿里巴巴，并持续发展最少102年。\n                                \n                                ...查看全部'}
2022-06-13 18:02:54,261 - engine.py[line:291] - DEBUG: Crawled (200) <GET https://www.zhipin.com/job_detail/1257e6c20d7348f01nN_09W-GFpW.html> (referer: https://www.zhipin.com/c100010000-p100101/?page=1)
2022-06-13 18:02:54,383 - scraper.py[line:275] - DEBUG: Scraped from <200 https://www.zhipin.com/job_detail/1257e6c20d7348f01nN_09W-GFpW.html>
{'big_type': '技术', 'small_type': 'Java', 'small_code': '100101', 'job_urls': 'https://www.zhipin.com/job_detail/aefaef42487312da1nN53N-9EVRV.html', 'job_titles': 'Java开发工程师', 'job_area': '北京・朝阳区・望京', 'salary': '13-26K・14薪', 'job_welfare': '带薪年假，免费班车，五险一金', 'company_url': 'https://www.zhipin.com/gongsi/5d627415a46b4a750nJ9.html', 'city': '北京', 'work_time': '3-5年', 'education': '本科', 'hr': '王彪', 'hr_position': '技术总监', 'job_dec': '职位描述\n                                \n                                    岗位职责：1.根据业务需求与前端组协作开发并实现各产品功能；2.系统核心代码编写，持续系统优化；3.与测试组及运维组协作实现产品上线，并监控产品服务，及时处理线上异常；4.解决开发过程中遇到的技术问题；5.系统日常技术支持和系统维护；6.参与系统架构设计，技术选型，数据库设计；7.指导初中级工程师完成开发工作任职要求:1.统招本科以上学历，计算机相关专业2.有扎实的Java基础，熟悉主流开源应用框架，如SpringBoot，SpringCloud，Spring、SpringMVC、MyBatis、JSON、Maven等开发技术；3.熟悉微服务相关框架SpringCloud/Dubbo等；4.熟悉关系型数据库MySQL，以及有相应的调优、优化经验；5.熟悉Memcached、MongoDB、Redis等；6.熟悉分布式系统的设计和应用，熟悉分布式缓存、消息、负载均衡等机制和实现；7.热爱技术，对技术有不懈的追求，喜欢研究开源代码，良好的学习能力、团队协作能力和沟通能力；\n                                \n                            \n                                工商信息\n                                北京智联云海科技有限公司\n                                \n                                    法定代表人：刘海峰\n                                    注册资金：5000万人民币\n                                    成立日期：2017-04-05\n                                    企业类型：有限责任公司（法人独资）\n                                    经营状态：存续\n                                \n                                查看全部\n                            \n                                工作地址\n                                    \n                                        北京海淀区中关村互联网文化创意产业园15A3层\n                                        \n                                                \n                                                点击查看地图', 'company_dec': ''}
2022-06-13 18:02:54,561 - redirect.py[line:55] - DEBUG: Redirecting (302) to <GET https://www.zhipin.com/web/common/security-check.html?seed=bs7hP1NEd6YrLZhfXM5djozgr7DpvH0gmnE9lL0WzOc%3D&name=a8d239c0&ts=1655114574533&callbackUrl=%2Fjob_detail%2F4c256c084dfd18a11XV83dq_FltW.html&srcReferer=https%3A%2F%2Fwww.zhipin.com%2Fc100010000-p100101%2F%3Fpage%3D1> from <GET https://www.zhipin.com/job_detail/4c256c084dfd18a11XV83dq_FltW.html>
2022-06-13 18:02:54,842 - redirect.py[line:55] - DEBUG: Redirecting (302) to <GET https://www.zhipin.com/web/common/security-check.html?seed=bs7hP1NEd6YrLZhfXM5djozgr7DpvH0gmnE9lL0WzOc%3D&name=a8d239c0&ts=1655114574826&callbackUrl=%2Fjob_detail%2F190f67bd9061e8301XR63924FVRR.html&srcReferer=https%3A%2F%2Fwww.zhipin.com%2Fc100010000-p100101%2F%3Fpage%3D1> from <GET https://www.zhipin.com/job_detail/190f67bd9061e8301XR63924FVRR.html>
2022-06-13 18:02:55,294 - redirect.py[line:55] - DEBUG: Redirecting (302) to <GET https://www.zhipin.com/web/common/security-check.html?seed=bs7hP1NEd6YrLZhfXM5djvJTMMfUhkOkmWhZ6z%2Fg6Ek%3D&name=a8d239c0&ts=1655114575278&callbackUrl=%2Fjob_detail%2Fa6ff3c72e9c4261d1XZ92tq0FldQ.html&srcReferer=https%3A%2F%2Fwww.zhipin.com%2Fc100010000-p100101%2F%3Fpage%3D1> from <GET https://www.zhipin.com/job_detail/a6ff3c72e9c4261d1XZ92tq0FldQ.html>
2022-06-13 18:02:55,720 - redirect.py[line:55] - DEBUG: Redirecting (302) to <GET https://www.zhipin.com/web/common/security-check.html?seed=bs7hP1NEd6YrLZhfXM5djvJTMMfUhkOkmWhZ6z%2Fg6Ek%3D&name=a8d239c0&ts=1655114575702&callbackUrl=%2Fjob_detail%2F0f6844edddddac231XZ-3Ny_ElVV.html&srcReferer=https%3A%2F%2Fwww.zhipin.com%2Fc100010000-p100101%2F%3Fpage%3D1> from <GET https://www.zhipin.com/job_detail/0f6844edddddac231XZ-3Ny_ElVV.html>
2022-06-13 18:02:56,140 - redirect.py[line:55] - DEBUG: Redirecting (302) to <GET https://www.zhipin.com/web/common/security-check.html?seed=bs7hP1NEd6YrLZhfXM5djl2Iq59WW1bacWFAQUYkJeU%3D&name=a8d239c0&ts=1655114576122&callbackUrl=%2Fjob_detail%2F51e16ca6b05541591nZ83t65ElZQ.html&srcReferer=https%3A%2F%2Fwww.zhipin.com%2Fc100010000-p100101%2F%3Fpage%3D1> from <GET https://www.zhipin.com/job_detail/51e16ca6b05541591nZ83t65ElZQ.html>
2022-06-13 18:02:56,503 - redirect.py[line:55] - DEBUG: Redirecting (302) to <GET https://www.zhipin.com/web/common/security-check.html?seed=bs7hP1NEd6YrLZhfXM5djl2Iq59WW1bacWFAQUYkJeU%3D&name=a8d239c0&ts=1655114576481&callbackUrl=%2Fjob_detail%2F1733afb6db87396e1XZ729W_EVJQ.html&srcReferer=https%3A%2F%2Fwww.zhipin.com%2Fc100010000-p100101%2F%3Fpage%3D1> from <GET https://www.zhipin.com/job_detail/1733afb6db87396e1XZ729W_EVJQ.html>
2022-06-13 18:02:56,942 - redirect.py[line:55] - DEBUG: Redirecting (302) to <GET https://www.zhipin.com/web/common/security-check.html?seed=bs7hP1NEd6YrLZhfXM5djl2Iq59WW1bacWFAQUYkJeU%3D&name=a8d239c0&ts=1655114576918&callbackUrl=%2Fjob_detail%2F6f048913f72ce9271XZ63dm_FVpQ.html&srcReferer=https%3A%2F%2Fwww.zhipin.com%2Fc100010000-p100101%2F%3Fpage%3D1> from <GET https://www.zhipin.com/job_detail/6f048913f72ce9271XZ63dm_FVpQ.html>
2022-06-13 18:02:57,376 - redirect.py[line:55] - DEBUG: Redirecting (302) to <GET https://www.zhipin.com/web/common/security-check.html?seed=bs7hP1NEd6YrLZhfXM5djmiA7Axzkgh2q0ko0S4QkrA%3D&name=a8d239c0&ts=1655114577359&callbackUrl=%2Fjob_detail%2Ff3e3d6c31dbe3d551XRz29S-E1RR.html&srcReferer=https%3A%2F%2Fwww.zhipin.com%2Fc100010000-p100101%2F%3Fpage%3D1> from <GET https://www.zhipin.com/job_detail/f3e3d6c31dbe3d551XRz29S-E1RR.html>
2022-06-13 18:02:57,780 - redirect.py[line:55] - DEBUG: Redirecting (302) to <GET https://www.zhipin.com/web/common/security-check.html?seed=bs7hP1NEd6YrLZhfXM5djmiA7Axzkgh2q0ko0S4QkrA%3D&name=a8d239c0&ts=1655114577757&callbackUrl=%2Fjob_detail%2F0b78db4cbfb40a7f1XZ_3tu5GVpV.html&srcReferer=https%3A%2F%2Fwww.zhipin.com%2Fc100010000-p100101%2F%3Fpage%3D1> from <GET https://www.zhipin.com/job_detail/0b78db4cbfb40a7f1XZ_3tu5GVpV.html>
2022-06-13 18:02:58,092 - redirect.py[line:55] - DEBUG: Redirecting (302) to <GET https://www.zhipin.com/web/common/security-check.html?seed=bs7hP1NEd6YrLZhfXM5djnV%2Fe%2Bp1wAx%2FptbS7zl5LH8%3D&name=a8d239c0&ts=1655114578077&callbackUrl=%2Fjob_detail%2F8d7b4d11859ae5201XZ53tq9GVZV.html&srcReferer=https%3A%2F%2Fwww.zhipin.com%2Fc100010000-p100101%2F%3Fpage%3D1> from <GET https://www.zhipin.com/job_detail/8d7b4d11859ae5201XZ53tq9GVZV.html>
2022-06-13 18:02:58,386 - redirect.py[line:55] - DEBUG: Redirecting (302) to <GET https://www.zhipin.com/web/common/security-check.html?seed=bs7hP1NEd6YrLZhfXM5djnV%2Fe%2Bp1wAx%2FptbS7zl5LH8%3D&name=a8d239c0&ts=1655114578370&callbackUrl=%2Fjob_detail%2F4c61a339c6d9b23a1nB53N-_FVdV.html&srcReferer=https%3A%2F%2Fwww.zhipin.com%2Fc100010000-p100101%2F%3Fpage%3D1> from <GET https://www.zhipin.com/job_detail/4c61a339c6d9b23a1nB53N-_FVdV.html>
2022-06-13 18:02:58,844 - redirect.py[line:55] - DEBUG: Redirecting (302) to <GET https://www.zhipin.com/web/common/security-check.html?seed=bs7hP1NEd6YrLZhfXM5djnV%2Fe%2Bp1wAx%2FptbS7zl5LH8%3D&name=a8d239c0&ts=1655114578828&callbackUrl=%2Fjob_detail%2F1d671467ceb72f351XZ_39q7FFBR.html&srcReferer=https%3A%2F%2Fwww.zhipin.com%2Fc100010000-p100101%2F%3Fpage%3D1> from <GET https://www.zhipin.com/job_detail/1d671467ceb72f351XZ_39q7FFBR.html>
2022-06-13 18:02:59,287 - redirect.py[line:55] - DEBUG: Redirecting (302) to <GET https://www.zhipin.com/web/common/security-check.html?seed=bs7hP1NEd6YrLZhfXM5dju9Hc6BVFzjJVdDd6Vu8os0%3D&name=a8d239c0&ts=1655114579271&callbackUrl=%2Fjob_detail%2Fe264898858e015a11XZ92Nu4ElJW.html&srcReferer=https%3A%2F%2Fwww.zhipin.com%2Fc100010000-p100101%2F%3Fpage%3D1> from <GET https://www.zhipin.com/job_detail/e264898858e015a11XZ92Nu4ElJW.html>
2022-06-13 18:02:59,466 - redirect.py[line:55] - DEBUG: Redirecting (302) to <GET https://www.zhipin.com/web/common/security-check.html?seed=bs7hP1NEd6YrLZhfXM5dju9Hc6BVFzjJVdDd6Vu8os0%3D&name=a8d239c0&ts=1655114579450&callbackUrl=%2Fjob_detail%2Faf3c5f20b8123fba1XZ43di_FFVR.html&srcReferer=https%3A%2F%2Fwww.zhipin.com%2Fc100010000-p100101%2F%3Fpage%3D1> from <GET https://www.zhipin.com/job_detail/af3c5f20b8123fba1XZ43di_FFVR.html>
2022-06-13 18:02:59,702 - redirect.py[line:55] - DEBUG: Redirecting (302) to <GET https://www.zhipin.com/web/common/security-check.html?seed=bs7hP1NEd6YrLZhfXM5dju9Hc6BVFzjJVdDd6Vu8os0%3D&name=a8d239c0&ts=1655114579683&callbackUrl=%2Fjob_detail%2F0081be32384ea1d41nJ53ti6FFBV.html&srcReferer=https%3A%2F%2Fwww.zhipin.com%2Fc100010000-p100101%2F%3Fpage%3D1> from <GET https://www.zhipin.com/job_detail/0081be32384ea1d41nJ53ti6FFBV.html>
2022-06-13 18:03:00,140 - redirect.py[line:55] - DEBUG: Redirecting (302) to <GET https://www.zhipin.com/web/common/security-check.html?seed=bs7hP1NEd6YrLZhfXM5djiNJW8Sf5%2Fo9lq%2BzAgNp9nw%3D&name=a8d239c0&ts=1655114580122&callbackUrl=%2Fjob_detail%2F1c0286d3b2f303921XR_3di4E1JS.html&srcReferer=https%3A%2F%2Fwww.zhipin.com%2Fc100010000-p100101%2F%3Fpage%3D1> from <GET https://www.zhipin.com/job_detail/1c0286d3b2f303921XR_3di4E1JS.html>
2022-06-13 18:03:00,463 - engine.py[line:291] - DEBUG: Crawled (200) <GET https://www.zhipin.com/web/common/security-check.html?seed=bs7hP1NEd6YrLZhfXM5djozgr7DpvH0gmnE9lL0WzOc%3D&name=a8d239c0&ts=1655114574533&callbackUrl=%2Fjob_detail%2F4c256c084dfd18a11XV83dq_FltW.html&srcReferer=https%3A%2F%2Fwww.zhipin.com%2Fc100010000-p100101%2F%3Fpage%3D1> (referer: https://www.zhipin.com/c100010000-p100101/?page=1)
2022-06-13 18:03:00,576 - scraper.py[line:173] - ERROR: Spider error processing <GET https://www.zhipin.com/web/common/security-check.html?seed=bs7hP1NEd6YrLZhfXM5djozgr7DpvH0gmnE9lL0WzOc%3D&name=a8d239c0&ts=1655114574533&callbackUrl=%2Fjob_detail%2F4c256c084dfd18a11XV83dq_FltW.html&srcReferer=https%3A%2F%2Fwww.zhipin.com%2Fc100010000-p100101%2F%3Fpage%3D1> (referer: https://www.zhipin.com/c100010000-p100101/?page=1)
Traceback (most recent call last):
  File "D:\project\venv\lib\site-packages\scrapy\utils\defer.py", line 132, in iter_errback
    yield next(it)
  File "D:\project\venv\lib\site-packages\scrapy\utils\python.py", line 354, in __next__
    return next(self.data)
  File "D:\project\venv\lib\site-packages\scrapy\utils\python.py", line 354, in __next__
    return next(self.data)
  File "D:\project\venv\lib\site-packages\scrapy\core\spidermw.py", line 66, in _evaluate_iterable
    for r in iterable:
  File "D:\project\venv\lib\site-packages\scrapy\spidermiddlewares\offsite.py", line 29, in process_spider_output
    for x in result:
  File "D:\project\venv\lib\site-packages\scrapy\core\spidermw.py", line 66, in _evaluate_iterable
    for r in iterable:
  File "D:\project\venv\lib\site-packages\scrapy\spidermiddlewares\referer.py", line 342, in <genexpr>
    return (_set_referer(r) for r in result or ())
  File "D:\project\venv\lib\site-packages\scrapy\core\spidermw.py", line 66, in _evaluate_iterable
    for r in iterable:
  File "D:\project\venv\lib\site-packages\scrapy\spidermiddlewares\urllength.py", line 40, in <genexpr>
    return (r for r in result or () if _filter(r))
  File "D:\project\venv\lib\site-packages\scrapy\core\spidermw.py", line 66, in _evaluate_iterable
    for r in iterable:
  File "D:\project\venv\lib\site-packages\scrapy\spidermiddlewares\depth.py", line 58, in <genexpr>
    return (r for r in result or () if _filter(r))
  File "D:\project\venv\lib\site-packages\scrapy\core\spidermw.py", line 66, in _evaluate_iterable
    for r in iterable:
  File "D:\Te\Teng\boss\boss\spiders\jishu1.py", line 101, in parse_info
    item['hr_position'] = response.xpath('//h2[@class="name"]/following::p[1]//text()').get().strip()
AttributeError: 'NoneType' object has no attribute 'strip'
2022-06-13 18:03:00,869 - engine.py[line:291] - DEBUG: Crawled (200) <GET https://www.zhipin.com/web/common/security-check.html?seed=bs7hP1NEd6YrLZhfXM5djozgr7DpvH0gmnE9lL0WzOc%3D&name=a8d239c0&ts=1655114574826&callbackUrl=%2Fjob_detail%2F190f67bd9061e8301XR63924FVRR.html&srcReferer=https%3A%2F%2Fwww.zhipin.com%2Fc100010000-p100101%2F%3Fpage%3D1> (referer: https://www.zhipin.com/c100010000-p100101/?page=1)
2022-06-13 18:03:00,980 - scraper.py[line:173] - ERROR: Spider error processing <GET https://www.zhipin.com/web/common/security-check.html?seed=bs7hP1NEd6YrLZhfXM5djozgr7DpvH0gmnE9lL0WzOc%3D&name=a8d239c0&ts=1655114574826&callbackUrl=%2Fjob_detail%2F190f67bd9061e8301XR63924FVRR.html&srcReferer=https%3A%2F%2Fwww.zhipin.com%2Fc100010000-p100101%2F%3Fpage%3D1> (referer: https://www.zhipin.com/c100010000-p100101/?page=1)
Traceback (most recent call last):
  File "D:\project\venv\lib\site-packages\scrapy\utils\defer.py", line 132, in iter_errback
    yield next(it)
  File "D:\project\venv\lib\site-packages\scrapy\utils\python.py", line 354, in __next__
    return next(self.data)
  File "D:\project\venv\lib\site-packages\scrapy\utils\python.py", line 354, in __next__
    return next(self.data)
  File "D:\project\venv\lib\site-packages\scrapy\core\spidermw.py", line 66, in _evaluate_iterable
    for r in iterable:
  File "D:\project\venv\lib\site-packages\scrapy\spidermiddlewares\offsite.py", line 29, in process_spider_output
    for x in result:
  File "D:\project\venv\lib\site-packages\scrapy\core\spidermw.py", line 66, in _evaluate_iterable
    for r in iterable:
  File "D:\project\venv\lib\site-packages\scrapy\spidermiddlewares\referer.py", line 342, in <genexpr>
    return (_set_referer(r) for r in result or ())
  File "D:\project\venv\lib\site-packages\scrapy\core\spidermw.py", line 66, in _evaluate_iterable
    for r in iterable:
  File "D:\project\venv\lib\site-packages\scrapy\spidermiddlewares\urllength.py", line 40, in <genexpr>
    return (r for r in result or () if _filter(r))
  File "D:\project\venv\lib\site-packages\scrapy\core\spidermw.py", line 66, in _evaluate_iterable
    for r in iterable:
  File "D:\project\venv\lib\site-packages\scrapy\spidermiddlewares\depth.py", line 58, in <genexpr>
    return (r for r in result or () if _filter(r))
  File "D:\project\venv\lib\site-packages\scrapy\core\spidermw.py", line 66, in _evaluate_iterable
    for r in iterable:
  File "D:\Te\Teng\boss\boss\spiders\jishu1.py", line 101, in parse_info
    item['hr_position'] = response.xpath('//h2[@class="name"]/following::p[1]//text()').get().strip()
AttributeError: 'NoneType' object has no attribute 'strip'
2022-06-13 18:03:01,247 - engine.py[line:291] - DEBUG: Crawled (200) <GET https://www.zhipin.com/web/common/security-check.html?seed=bs7hP1NEd6YrLZhfXM5djvJTMMfUhkOkmWhZ6z%2Fg6Ek%3D&name=a8d239c0&ts=1655114575278&callbackUrl=%2Fjob_detail%2Fa6ff3c72e9c4261d1XZ92tq0FldQ.html&srcReferer=https%3A%2F%2Fwww.zhipin.com%2Fc100010000-p100101%2F%3Fpage%3D1> (referer: https://www.zhipin.com/c100010000-p100101/?page=1)
2022-06-13 18:03:01,358 - scraper.py[line:173] - ERROR: Spider error processing <GET https://www.zhipin.com/web/common/security-check.html?seed=bs7hP1NEd6YrLZhfXM5djvJTMMfUhkOkmWhZ6z%2Fg6Ek%3D&name=a8d239c0&ts=1655114575278&callbackUrl=%2Fjob_detail%2Fa6ff3c72e9c4261d1XZ92tq0FldQ.html&srcReferer=https%3A%2F%2Fwww.zhipin.com%2Fc100010000-p100101%2F%3Fpage%3D1> (referer: https://www.zhipin.com/c100010000-p100101/?page=1)
Traceback (most recent call last):
  File "D:\project\venv\lib\site-packages\scrapy\utils\defer.py", line 132, in iter_errback
    yield next(it)
  File "D:\project\venv\lib\site-packages\scrapy\utils\python.py", line 354, in __next__
    return next(self.data)
  File "D:\project\venv\lib\site-packages\scrapy\utils\python.py", line 354, in __next__
    return next(self.data)
  File "D:\project\venv\lib\site-packages\scrapy\core\spidermw.py", line 66, in _evaluate_iterable
    for r in iterable:
  File "D:\project\venv\lib\site-packages\scrapy\spidermiddlewares\offsite.py", line 29, in process_spider_output
    for x in result:
  File "D:\project\venv\lib\site-packages\scrapy\core\spidermw.py", line 66, in _evaluate_iterable
    for r in iterable:
  File "D:\project\venv\lib\site-packages\scrapy\spidermiddlewares\referer.py", line 342, in <genexpr>
    return (_set_referer(r) for r in result or ())
  File "D:\project\venv\lib\site-packages\scrapy\core\spidermw.py", line 66, in _evaluate_iterable
    for r in iterable:
  File "D:\project\venv\lib\site-packages\scrapy\spidermiddlewares\urllength.py", line 40, in <genexpr>
    return (r for r in result or () if _filter(r))
  File "D:\project\venv\lib\site-packages\scrapy\core\spidermw.py", line 66, in _evaluate_iterable
    for r in iterable:
  File "D:\project\venv\lib\site-packages\scrapy\spidermiddlewares\depth.py", line 58, in <genexpr>
    return (r for r in result or () if _filter(r))
  File "D:\project\venv\lib\site-packages\scrapy\core\spidermw.py", line 66, in _evaluate_iterable
    for r in iterable:
  File "D:\Te\Teng\boss\boss\spiders\jishu1.py", line 101, in parse_info
    item['hr_position'] = response.xpath('//h2[@class="name"]/following::p[1]//text()').get().strip()
AttributeError: 'NoneType' object has no attribute 'strip'
2022-06-13 18:03:01,604 - engine.py[line:291] - DEBUG: Crawled (200) <GET https://www.zhipin.com/web/common/security-check.html?seed=bs7hP1NEd6YrLZhfXM5djvJTMMfUhkOkmWhZ6z%2Fg6Ek%3D&name=a8d239c0&ts=1655114575702&callbackUrl=%2Fjob_detail%2F0f6844edddddac231XZ-3Ny_ElVV.html&srcReferer=https%3A%2F%2Fwww.zhipin.com%2Fc100010000-p100101%2F%3Fpage%3D1> (referer: https://www.zhipin.com/c100010000-p100101/?page=1)
2022-06-13 18:03:01,713 - scraper.py[line:173] - ERROR: Spider error processing <GET https://www.zhipin.com/web/common/security-check.html?seed=bs7hP1NEd6YrLZhfXM5djvJTMMfUhkOkmWhZ6z%2Fg6Ek%3D&name=a8d239c0&ts=1655114575702&callbackUrl=%2Fjob_detail%2F0f6844edddddac231XZ-3Ny_ElVV.html&srcReferer=https%3A%2F%2Fwww.zhipin.com%2Fc100010000-p100101%2F%3Fpage%3D1> (referer: https://www.zhipin.com/c100010000-p100101/?page=1)
Traceback (most recent call last):
  File "D:\project\venv\lib\site-packages\scrapy\utils\defer.py", line 132, in iter_errback
    yield next(it)
  File "D:\project\venv\lib\site-packages\scrapy\utils\python.py", line 354, in __next__
    return next(self.data)
  File "D:\project\venv\lib\site-packages\scrapy\utils\python.py", line 354, in __next__
    return next(self.data)
  File "D:\project\venv\lib\site-packages\scrapy\core\spidermw.py", line 66, in _evaluate_iterable
    for r in iterable:
  File "D:\project\venv\lib\site-packages\scrapy\spidermiddlewares\offsite.py", line 29, in process_spider_output
    for x in result:
  File "D:\project\venv\lib\site-packages\scrapy\core\spidermw.py", line 66, in _evaluate_iterable
    for r in iterable:
  File "D:\project\venv\lib\site-packages\scrapy\spidermiddlewares\referer.py", line 342, in <genexpr>
    return (_set_referer(r) for r in result or ())
  File "D:\project\venv\lib\site-packages\scrapy\core\spidermw.py", line 66, in _evaluate_iterable
    for r in iterable:
  File "D:\project\venv\lib\site-packages\scrapy\spidermiddlewares\urllength.py", line 40, in <genexpr>
    return (r for r in result or () if _filter(r))
  File "D:\project\venv\lib\site-packages\scrapy\core\spidermw.py", line 66, in _evaluate_iterable
    for r in iterable:
  File "D:\project\venv\lib\site-packages\scrapy\spidermiddlewares\depth.py", line 58, in <genexpr>
    return (r for r in result or () if _filter(r))
  File "D:\project\venv\lib\site-packages\scrapy\core\spidermw.py", line 66, in _evaluate_iterable
    for r in iterable:
  File "D:\Te\Teng\boss\boss\spiders\jishu1.py", line 101, in parse_info
    item['hr_position'] = response.xpath('//h2[@class="name"]/following::p[1]//text()').get().strip()
AttributeError: 'NoneType' object has no attribute 'strip'
2022-06-13 18:03:01,930 - engine.py[line:291] - DEBUG: Crawled (200) <GET https://www.zhipin.com/web/common/security-check.html?seed=bs7hP1NEd6YrLZhfXM5djl2Iq59WW1bacWFAQUYkJeU%3D&name=a8d239c0&ts=1655114576122&callbackUrl=%2Fjob_detail%2F51e16ca6b05541591nZ83t65ElZQ.html&srcReferer=https%3A%2F%2Fwww.zhipin.com%2Fc100010000-p100101%2F%3Fpage%3D1> (referer: https://www.zhipin.com/c100010000-p100101/?page=1)
2022-06-13 18:03:02,038 - scraper.py[line:173] - ERROR: Spider error processing <GET https://www.zhipin.com/web/common/security-check.html?seed=bs7hP1NEd6YrLZhfXM5djl2Iq59WW1bacWFAQUYkJeU%3D&name=a8d239c0&ts=1655114576122&callbackUrl=%2Fjob_detail%2F51e16ca6b05541591nZ83t65ElZQ.html&srcReferer=https%3A%2F%2Fwww.zhipin.com%2Fc100010000-p100101%2F%3Fpage%3D1> (referer: https://www.zhipin.com/c100010000-p100101/?page=1)
Traceback (most recent call last):
  File "D:\project\venv\lib\site-packages\scrapy\utils\defer.py", line 132, in iter_errback
    yield next(it)
  File "D:\project\venv\lib\site-packages\scrapy\utils\python.py", line 354, in __next__
    return next(self.data)
  File "D:\project\venv\lib\site-packages\scrapy\utils\python.py", line 354, in __next__
    return next(self.data)
  File "D:\project\venv\lib\site-packages\scrapy\core\spidermw.py", line 66, in _evaluate_iterable
    for r in iterable:
  File "D:\project\venv\lib\site-packages\scrapy\spidermiddlewares\offsite.py", line 29, in process_spider_output
    for x in result:
  File "D:\project\venv\lib\site-packages\scrapy\core\spidermw.py", line 66, in _evaluate_iterable
    for r in iterable:
  File "D:\project\venv\lib\site-packages\scrapy\spidermiddlewares\referer.py", line 342, in <genexpr>
    return (_set_referer(r) for r in result or ())
  File "D:\project\venv\lib\site-packages\scrapy\core\spidermw.py", line 66, in _evaluate_iterable
    for r in iterable:
  File "D:\project\venv\lib\site-packages\scrapy\spidermiddlewares\urllength.py", line 40, in <genexpr>
    return (r for r in result or () if _filter(r))
  File "D:\project\venv\lib\site-packages\scrapy\core\spidermw.py", line 66, in _evaluate_iterable
    for r in iterable:
  File "D:\project\venv\lib\site-packages\scrapy\spidermiddlewares\depth.py", line 58, in <genexpr>
    return (r for r in result or () if _filter(r))
  File "D:\project\venv\lib\site-packages\scrapy\core\spidermw.py", line 66, in _evaluate_iterable
    for r in iterable:
  File "D:\Te\Teng\boss\boss\spiders\jishu1.py", line 101, in parse_info
    item['hr_position'] = response.xpath('//h2[@class="name"]/following::p[1]//text()').get().strip()
AttributeError: 'NoneType' object has no attribute 'strip'
2022-06-13 18:03:02,228 - engine.py[line:291] - DEBUG: Crawled (200) <GET https://www.zhipin.com/web/common/security-check.html?seed=bs7hP1NEd6YrLZhfXM5djl2Iq59WW1bacWFAQUYkJeU%3D&name=a8d239c0&ts=1655114576481&callbackUrl=%2Fjob_detail%2F1733afb6db87396e1XZ729W_EVJQ.html&srcReferer=https%3A%2F%2Fwww.zhipin.com%2Fc100010000-p100101%2F%3Fpage%3D1> (referer: https://www.zhipin.com/c100010000-p100101/?page=1)
2022-06-13 18:03:02,338 - scraper.py[line:173] - ERROR: Spider error processing <GET https://www.zhipin.com/web/common/security-check.html?seed=bs7hP1NEd6YrLZhfXM5djl2Iq59WW1bacWFAQUYkJeU%3D&name=a8d239c0&ts=1655114576481&callbackUrl=%2Fjob_detail%2F1733afb6db87396e1XZ729W_EVJQ.html&srcReferer=https%3A%2F%2Fwww.zhipin.com%2Fc100010000-p100101%2F%3Fpage%3D1> (referer: https://www.zhipin.com/c100010000-p100101/?page=1)
Traceback (most recent call last):
  File "D:\project\venv\lib\site-packages\scrapy\utils\defer.py", line 132, in iter_errback
    yield next(it)
  File "D:\project\venv\lib\site-packages\scrapy\utils\python.py", line 354, in __next__
    return next(self.data)
  File "D:\project\venv\lib\site-packages\scrapy\utils\python.py", line 354, in __next__
    return next(self.data)
  File "D:\project\venv\lib\site-packages\scrapy\core\spidermw.py", line 66, in _evaluate_iterable
    for r in iterable:
  File "D:\project\venv\lib\site-packages\scrapy\spidermiddlewares\offsite.py", line 29, in process_spider_output
    for x in result:
  File "D:\project\venv\lib\site-packages\scrapy\core\spidermw.py", line 66, in _evaluate_iterable
    for r in iterable:
  File "D:\project\venv\lib\site-packages\scrapy\spidermiddlewares\referer.py", line 342, in <genexpr>
    return (_set_referer(r) for r in result or ())
  File "D:\project\venv\lib\site-packages\scrapy\core\spidermw.py", line 66, in _evaluate_iterable
    for r in iterable:
  File "D:\project\venv\lib\site-packages\scrapy\spidermiddlewares\urllength.py", line 40, in <genexpr>
    return (r for r in result or () if _filter(r))
  File "D:\project\venv\lib\site-packages\scrapy\core\spidermw.py", line 66, in _evaluate_iterable
    for r in iterable:
  File "D:\project\venv\lib\site-packages\scrapy\spidermiddlewares\depth.py", line 58, in <genexpr>
    return (r for r in result or () if _filter(r))
  File "D:\project\venv\lib\site-packages\scrapy\core\spidermw.py", line 66, in _evaluate_iterable
    for r in iterable:
  File "D:\Te\Teng\boss\boss\spiders\jishu1.py", line 101, in parse_info
    item['hr_position'] = response.xpath('//h2[@class="name"]/following::p[1]//text()').get().strip()
AttributeError: 'NoneType' object has no attribute 'strip'
2022-06-13 18:03:02,637 - engine.py[line:291] - DEBUG: Crawled (200) <GET https://www.zhipin.com/web/common/security-check.html?seed=bs7hP1NEd6YrLZhfXM5djl2Iq59WW1bacWFAQUYkJeU%3D&name=a8d239c0&ts=1655114576918&callbackUrl=%2Fjob_detail%2F6f048913f72ce9271XZ63dm_FVpQ.html&srcReferer=https%3A%2F%2Fwww.zhipin.com%2Fc100010000-p100101%2F%3Fpage%3D1> (referer: https://www.zhipin.com/c100010000-p100101/?page=1)
2022-06-13 18:03:02,748 - scraper.py[line:173] - ERROR: Spider error processing <GET https://www.zhipin.com/web/common/security-check.html?seed=bs7hP1NEd6YrLZhfXM5djl2Iq59WW1bacWFAQUYkJeU%3D&name=a8d239c0&ts=1655114576918&callbackUrl=%2Fjob_detail%2F6f048913f72ce9271XZ63dm_FVpQ.html&srcReferer=https%3A%2F%2Fwww.zhipin.com%2Fc100010000-p100101%2F%3Fpage%3D1> (referer: https://www.zhipin.com/c100010000-p100101/?page=1)
Traceback (most recent call last):
  File "D:\project\venv\lib\site-packages\scrapy\utils\defer.py", line 132, in iter_errback
    yield next(it)
  File "D:\project\venv\lib\site-packages\scrapy\utils\python.py", line 354, in __next__
    return next(self.data)
  File "D:\project\venv\lib\site-packages\scrapy\utils\python.py", line 354, in __next__
    return next(self.data)
  File "D:\project\venv\lib\site-packages\scrapy\core\spidermw.py", line 66, in _evaluate_iterable
    for r in iterable:
  File "D:\project\venv\lib\site-packages\scrapy\spidermiddlewares\offsite.py", line 29, in process_spider_output
    for x in result:
  File "D:\project\venv\lib\site-packages\scrapy\core\spidermw.py", line 66, in _evaluate_iterable
    for r in iterable:
  File "D:\project\venv\lib\site-packages\scrapy\spidermiddlewares\referer.py", line 342, in <genexpr>
    return (_set_referer(r) for r in result or ())
  File "D:\project\venv\lib\site-packages\scrapy\core\spidermw.py", line 66, in _evaluate_iterable
    for r in iterable:
  File "D:\project\venv\lib\site-packages\scrapy\spidermiddlewares\urllength.py", line 40, in <genexpr>
    return (r for r in result or () if _filter(r))
  File "D:\project\venv\lib\site-packages\scrapy\core\spidermw.py", line 66, in _evaluate_iterable
    for r in iterable:
  File "D:\project\venv\lib\site-packages\scrapy\spidermiddlewares\depth.py", line 58, in <genexpr>
    return (r for r in result or () if _filter(r))
  File "D:\project\venv\lib\site-packages\scrapy\core\spidermw.py", line 66, in _evaluate_iterable
    for r in iterable:
  File "D:\Te\Teng\boss\boss\spiders\jishu1.py", line 101, in parse_info
    item['hr_position'] = response.xpath('//h2[@class="name"]/following::p[1]//text()').get().strip()
AttributeError: 'NoneType' object has no attribute 'strip'
2022-06-13 18:03:03,094 - engine.py[line:291] - DEBUG: Crawled (200) <GET https://www.zhipin.com/web/common/security-check.html?seed=bs7hP1NEd6YrLZhfXM5djmiA7Axzkgh2q0ko0S4QkrA%3D&name=a8d239c0&ts=1655114577359&callbackUrl=%2Fjob_detail%2Ff3e3d6c31dbe3d551XRz29S-E1RR.html&srcReferer=https%3A%2F%2Fwww.zhipin.com%2Fc100010000-p100101%2F%3Fpage%3D1> (referer: https://www.zhipin.com/c100010000-p100101/?page=1)
2022-06-13 18:03:03,204 - scraper.py[line:173] - ERROR: Spider error processing <GET https://www.zhipin.com/web/common/security-check.html?seed=bs7hP1NEd6YrLZhfXM5djmiA7Axzkgh2q0ko0S4QkrA%3D&name=a8d239c0&ts=1655114577359&callbackUrl=%2Fjob_detail%2Ff3e3d6c31dbe3d551XRz29S-E1RR.html&srcReferer=https%3A%2F%2Fwww.zhipin.com%2Fc100010000-p100101%2F%3Fpage%3D1> (referer: https://www.zhipin.com/c100010000-p100101/?page=1)
Traceback (most recent call last):
  File "D:\project\venv\lib\site-packages\scrapy\utils\defer.py", line 132, in iter_errback
    yield next(it)
  File "D:\project\venv\lib\site-packages\scrapy\utils\python.py", line 354, in __next__
    return next(self.data)
  File "D:\project\venv\lib\site-packages\scrapy\utils\python.py", line 354, in __next__
    return next(self.data)
  File "D:\project\venv\lib\site-packages\scrapy\core\spidermw.py", line 66, in _evaluate_iterable
    for r in iterable:
  File "D:\project\venv\lib\site-packages\scrapy\spidermiddlewares\offsite.py", line 29, in process_spider_output
    for x in result:
  File "D:\project\venv\lib\site-packages\scrapy\core\spidermw.py", line 66, in _evaluate_iterable
    for r in iterable:
  File "D:\project\venv\lib\site-packages\scrapy\spidermiddlewares\referer.py", line 342, in <genexpr>
    return (_set_referer(r) for r in result or ())
  File "D:\project\venv\lib\site-packages\scrapy\core\spidermw.py", line 66, in _evaluate_iterable
    for r in iterable:
  File "D:\project\venv\lib\site-packages\scrapy\spidermiddlewares\urllength.py", line 40, in <genexpr>
    return (r for r in result or () if _filter(r))
  File "D:\project\venv\lib\site-packages\scrapy\core\spidermw.py", line 66, in _evaluate_iterable
    for r in iterable:
  File "D:\project\venv\lib\site-packages\scrapy\spidermiddlewares\depth.py", line 58, in <genexpr>
    return (r for r in result or () if _filter(r))
  File "D:\project\venv\lib\site-packages\scrapy\core\spidermw.py", line 66, in _evaluate_iterable
    for r in iterable:
  File "D:\Te\Teng\boss\boss\spiders\jishu1.py", line 101, in parse_info
    item['hr_position'] = response.xpath('//h2[@class="name"]/following::p[1]//text()').get().strip()
AttributeError: 'NoneType' object has no attribute 'strip'
2022-06-13 18:03:03,438 - engine.py[line:291] - DEBUG: Crawled (200) <GET https://www.zhipin.com/web/common/security-check.html?seed=bs7hP1NEd6YrLZhfXM5djmiA7Axzkgh2q0ko0S4QkrA%3D&name=a8d239c0&ts=1655114577757&callbackUrl=%2Fjob_detail%2F0b78db4cbfb40a7f1XZ_3tu5GVpV.html&srcReferer=https%3A%2F%2Fwww.zhipin.com%2Fc100010000-p100101%2F%3Fpage%3D1> (referer: https://www.zhipin.com/c100010000-p100101/?page=1)
2022-06-13 18:03:03,549 - scraper.py[line:173] - ERROR: Spider error processing <GET https://www.zhipin.com/web/common/security-check.html?seed=bs7hP1NEd6YrLZhfXM5djmiA7Axzkgh2q0ko0S4QkrA%3D&name=a8d239c0&ts=1655114577757&callbackUrl=%2Fjob_detail%2F0b78db4cbfb40a7f1XZ_3tu5GVpV.html&srcReferer=https%3A%2F%2Fwww.zhipin.com%2Fc100010000-p100101%2F%3Fpage%3D1> (referer: https://www.zhipin.com/c100010000-p100101/?page=1)
Traceback (most recent call last):
  File "D:\project\venv\lib\site-packages\scrapy\utils\defer.py", line 132, in iter_errback
    yield next(it)
  File "D:\project\venv\lib\site-packages\scrapy\utils\python.py", line 354, in __next__
    return next(self.data)
  File "D:\project\venv\lib\site-packages\scrapy\utils\python.py", line 354, in __next__
    return next(self.data)
  File "D:\project\venv\lib\site-packages\scrapy\core\spidermw.py", line 66, in _evaluate_iterable
    for r in iterable:
  File "D:\project\venv\lib\site-packages\scrapy\spidermiddlewares\offsite.py", line 29, in process_spider_output
    for x in result:
  File "D:\project\venv\lib\site-packages\scrapy\core\spidermw.py", line 66, in _evaluate_iterable
    for r in iterable:
  File "D:\project\venv\lib\site-packages\scrapy\spidermiddlewares\referer.py", line 342, in <genexpr>
    return (_set_referer(r) for r in result or ())
  File "D:\project\venv\lib\site-packages\scrapy\core\spidermw.py", line 66, in _evaluate_iterable
    for r in iterable:
  File "D:\project\venv\lib\site-packages\scrapy\spidermiddlewares\urllength.py", line 40, in <genexpr>
    return (r for r in result or () if _filter(r))
  File "D:\project\venv\lib\site-packages\scrapy\core\spidermw.py", line 66, in _evaluate_iterable
    for r in iterable:
  File "D:\project\venv\lib\site-packages\scrapy\spidermiddlewares\depth.py", line 58, in <genexpr>
    return (r for r in result or () if _filter(r))
  File "D:\project\venv\lib\site-packages\scrapy\core\spidermw.py", line 66, in _evaluate_iterable
    for r in iterable:
  File "D:\Te\Teng\boss\boss\spiders\jishu1.py", line 101, in parse_info
    item['hr_position'] = response.xpath('//h2[@class="name"]/following::p[1]//text()').get().strip()
AttributeError: 'NoneType' object has no attribute 'strip'
2022-06-13 18:03:03,871 - engine.py[line:291] - DEBUG: Crawled (200) <GET https://www.zhipin.com/web/common/security-check.html?seed=bs7hP1NEd6YrLZhfXM5djnV%2Fe%2Bp1wAx%2FptbS7zl5LH8%3D&name=a8d239c0&ts=1655114578077&callbackUrl=%2Fjob_detail%2F8d7b4d11859ae5201XZ53tq9GVZV.html&srcReferer=https%3A%2F%2Fwww.zhipin.com%2Fc100010000-p100101%2F%3Fpage%3D1> (referer: https://www.zhipin.com/c100010000-p100101/?page=1)
2022-06-13 18:03:03,981 - scraper.py[line:173] - ERROR: Spider error processing <GET https://www.zhipin.com/web/common/security-check.html?seed=bs7hP1NEd6YrLZhfXM5djnV%2Fe%2Bp1wAx%2FptbS7zl5LH8%3D&name=a8d239c0&ts=1655114578077&callbackUrl=%2Fjob_detail%2F8d7b4d11859ae5201XZ53tq9GVZV.html&srcReferer=https%3A%2F%2Fwww.zhipin.com%2Fc100010000-p100101%2F%3Fpage%3D1> (referer: https://www.zhipin.com/c100010000-p100101/?page=1)
Traceback (most recent call last):
  File "D:\project\venv\lib\site-packages\scrapy\utils\defer.py", line 132, in iter_errback
    yield next(it)
  File "D:\project\venv\lib\site-packages\scrapy\utils\python.py", line 354, in __next__
    return next(self.data)
  File "D:\project\venv\lib\site-packages\scrapy\utils\python.py", line 354, in __next__
    return next(self.data)
  File "D:\project\venv\lib\site-packages\scrapy\core\spidermw.py", line 66, in _evaluate_iterable
    for r in iterable:
  File "D:\project\venv\lib\site-packages\scrapy\spidermiddlewares\offsite.py", line 29, in process_spider_output
    for x in result:
  File "D:\project\venv\lib\site-packages\scrapy\core\spidermw.py", line 66, in _evaluate_iterable
    for r in iterable:
  File "D:\project\venv\lib\site-packages\scrapy\spidermiddlewares\referer.py", line 342, in <genexpr>
    return (_set_referer(r) for r in result or ())
  File "D:\project\venv\lib\site-packages\scrapy\core\spidermw.py", line 66, in _evaluate_iterable
    for r in iterable:
  File "D:\project\venv\lib\site-packages\scrapy\spidermiddlewares\urllength.py", line 40, in <genexpr>
    return (r for r in result or () if _filter(r))
  File "D:\project\venv\lib\site-packages\scrapy\core\spidermw.py", line 66, in _evaluate_iterable
    for r in iterable:
  File "D:\project\venv\lib\site-packages\scrapy\spidermiddlewares\depth.py", line 58, in <genexpr>
    return (r for r in result or () if _filter(r))
  File "D:\project\venv\lib\site-packages\scrapy\core\spidermw.py", line 66, in _evaluate_iterable
    for r in iterable:
  File "D:\Te\Teng\boss\boss\spiders\jishu1.py", line 101, in parse_info
    item['hr_position'] = response.xpath('//h2[@class="name"]/following::p[1]//text()').get().strip()
AttributeError: 'NoneType' object has no attribute 'strip'
