2022-06-13 11:26:36,518 - middleware.py[line:51] - INFO: Enabled downloader middlewares:
['scrapy.downloadermiddlewares.httpauth.HttpAuthMiddleware',
 'scrapy.downloadermiddlewares.downloadtimeout.DownloadTimeoutMiddleware',
 'scrapy.downloadermiddlewares.defaultheaders.DefaultHeadersMiddleware',
 'scrapy.downloadermiddlewares.useragent.UserAgentMiddleware',
 'boss.middlewares.BossDownloaderMiddleware',
 'boss.middlewares.RandomIPMiddleware',
 'scrapy.downloadermiddlewares.retry.RetryMiddleware',
 'scrapy.downloadermiddlewares.redirect.MetaRefreshMiddleware',
 'scrapy.downloadermiddlewares.httpcompression.HttpCompressionMiddleware',
 'scrapy.downloadermiddlewares.redirect.RedirectMiddleware',
 'scrapy.downloadermiddlewares.httpproxy.HttpProxyMiddleware',
 'scrapy.downloadermiddlewares.stats.DownloaderStats']
2022-06-13 11:26:36,524 - middleware.py[line:51] - INFO: Enabled spider middlewares:
['scrapy.spidermiddlewares.httperror.HttpErrorMiddleware',
 'scrapy.spidermiddlewares.offsite.OffsiteMiddleware',
 'scrapy.spidermiddlewares.referer.RefererMiddleware',
 'scrapy.spidermiddlewares.urllength.UrlLengthMiddleware',
 'scrapy.spidermiddlewares.depth.DepthMiddleware']
2022-06-13 11:26:36,525 - middleware.py[line:51] - INFO: Enabled item pipelines:
[]
2022-06-13 11:26:36,525 - engine.py[line:313] - INFO: Spider opened
2022-06-13 11:26:36,939 - logstats.py[line:48] - INFO: Crawled 0 pages (at 0 pages/min), scraped 0 items (at 0 items/min)
2022-06-13 11:26:36,939 - middlewares.py[line:120] - INFO: Spider opened: jishu1
2022-06-13 11:26:36,940 - telnet.py[line:67] - INFO: Telnet console listening on 127.0.0.1:6024
2022-06-13 11:26:36,941 - middlewares.py[line:168] - INFO: 使用代理[175.173.220.224:4210]访问[https://www.zhipin.com/c100010000-p100101/?page=2]
2022-06-13 11:26:37,960 - redirect.py[line:55] - DEBUG: Redirecting (302) to <GET https://www.zhipin.com/web/common/security-check.html?seed=YUJVVCFK07BrkGyaDRi2NWB94QwK9ONC7Y7jitv%2FFoE%3D&name=a8d239c0&ts=1655090797578&callbackUrl=%2Fc100010000-p100101%2F%3Fpage%3D2&srcReferer=> from <GET https://www.zhipin.com/c100010000-p100101/?page=2>
2022-06-13 11:26:37,960 - middlewares.py[line:168] - INFO: 使用代理[110.18.2.133:4234]访问[https://www.zhipin.com/web/common/security-check.html?seed=YUJVVCFK07BrkGyaDRi2NWB94QwK9ONC7Y7jitv%2FFoE%3D&name=a8d239c0&ts=1655090797578&callbackUrl=%2Fc100010000-p100101%2F%3Fpage%3D2&srcReferer=]
2022-06-13 11:26:40,095 - retry.py[line:96] - DEBUG: Retrying <GET https://www.zhipin.com/web/common/security-check.html?seed=YUJVVCFK07BrkGyaDRi2NWB94QwK9ONC7Y7jitv%2FFoE%3D&name=a8d239c0&ts=1655090797578&callbackUrl=%2Fc100010000-p100101%2F%3Fpage%3D2&srcReferer=> (failed 1 times): Connection was refused by other side: 10061: 由于目标计算机积极拒绝，无法连接。.
2022-06-13 11:26:40,102 - middlewares.py[line:168] - INFO: 使用代理[120.2.1.2:4231]访问[https://www.zhipin.com/web/common/security-check.html?seed=YUJVVCFK07BrkGyaDRi2NWB94QwK9ONC7Y7jitv%2FFoE%3D&name=a8d239c0&ts=1655090797578&callbackUrl=%2Fc100010000-p100101%2F%3Fpage%3D2&srcReferer=]
2022-06-13 11:27:01,133 - retry.py[line:96] - DEBUG: Retrying <GET https://www.zhipin.com/web/common/security-check.html?seed=YUJVVCFK07BrkGyaDRi2NWB94QwK9ONC7Y7jitv%2FFoE%3D&name=a8d239c0&ts=1655090797578&callbackUrl=%2Fc100010000-p100101%2F%3Fpage%3D2&srcReferer=> (failed 2 times): TCP connection timed out: 10060: 由于连接方在一段时间后没有正确答复或连接的主机没有反应，连接尝试失败。.
2022-06-13 11:27:01,134 - middlewares.py[line:168] - INFO: 使用代理[123.144.62.135:4246]访问[https://www.zhipin.com/web/common/security-check.html?seed=YUJVVCFK07BrkGyaDRi2NWB94QwK9ONC7Y7jitv%2FFoE%3D&name=a8d239c0&ts=1655090797578&callbackUrl=%2Fc100010000-p100101%2F%3Fpage%3D2&srcReferer=]
2022-06-13 11:27:01,553 - engine.py[line:291] - DEBUG: Crawled (200) <GET https://www.zhipin.com/web/common/security-check.html?seed=YUJVVCFK07BrkGyaDRi2NWB94QwK9ONC7Y7jitv%2FFoE%3D&name=a8d239c0&ts=1655090797578&callbackUrl=%2Fc100010000-p100101%2F%3Fpage%3D2&srcReferer=> (referer: None)
2022-06-13 11:27:01,678 - engine.py[line:358] - INFO: Closing spider (finished)
2022-06-13 11:27:01,679 - statscollectors.py[line:46] - INFO: Dumping Scrapy stats:
{'downloader/exception_count': 2,
 'downloader/exception_type_count/twisted.internet.error.ConnectionRefusedError': 1,
 'downloader/exception_type_count/twisted.internet.error.TCPTimedOutError': 1,
 'downloader/request_bytes': 13339,
 'downloader/request_count': 4,
 'downloader/request_method_count/GET': 4,
 'downloader/response_bytes': 4044,
 'downloader/response_count': 2,
 'downloader/response_status_count/200': 1,
 'downloader/response_status_count/302': 1,
 'elapsed_time_seconds': 24.739696,
 'finish_reason': 'finished',
 'finish_time': datetime.datetime(2022, 6, 13, 3, 27, 1, 678298),
 'httpcompression/response_bytes': 9582,
 'httpcompression/response_count': 1,
 'log_count/DEBUG': 5,
 'log_count/INFO': 15,
 'response_received_count': 1,
 'retry/count': 2,
 'retry/reason_count/twisted.internet.error.ConnectionRefusedError': 1,
 'retry/reason_count/twisted.internet.error.TCPTimedOutError': 1,
 'scheduler/dequeued': 4,
 'scheduler/dequeued/memory': 4,
 'scheduler/enqueued': 4,
 'scheduler/enqueued/memory': 4,
 'start_time': datetime.datetime(2022, 6, 13, 3, 26, 36, 938602)}
2022-06-13 11:27:01,679 - engine.py[line:385] - INFO: Spider closed (finished)
