2022-06-13 19:22:40,007 - middleware.py[line:51] - INFO: Enabled downloader middlewares:
['Qinghai.middlewares.RandomUserAgentMiddleware',
 'scrapy.downloadermiddlewares.httpauth.HttpAuthMiddleware',
 'scrapy.downloadermiddlewares.downloadtimeout.DownloadTimeoutMiddleware',
 'scrapy.downloadermiddlewares.defaultheaders.DefaultHeadersMiddleware',
 'scrapy.downloadermiddlewares.useragent.UserAgentMiddleware',
 'scrapy.downloadermiddlewares.retry.RetryMiddleware',
 'scrapy.downloadermiddlewares.redirect.MetaRefreshMiddleware',
 'scrapy.downloadermiddlewares.httpcompression.HttpCompressionMiddleware',
 'scrapy.downloadermiddlewares.redirect.RedirectMiddleware',
 'scrapy.downloadermiddlewares.cookies.CookiesMiddleware',
 'scrapy.downloadermiddlewares.httpproxy.HttpProxyMiddleware',
 'scrapy.downloadermiddlewares.stats.DownloaderStats']
2022-06-13 19:22:40,023 - middleware.py[line:51] - INFO: Enabled spider middlewares:
['scrapy.spidermiddlewares.httperror.HttpErrorMiddleware',
 'scrapy.spidermiddlewares.offsite.OffsiteMiddleware',
 'scrapy.spidermiddlewares.referer.RefererMiddleware',
 'scrapy.spidermiddlewares.urllength.UrlLengthMiddleware',
 'scrapy.spidermiddlewares.depth.DepthMiddleware']
2022-06-13 19:22:40,023 - middleware.py[line:51] - INFO: Enabled item pipelines:
['Qinghai.pipelines.QinghaiPipeline']
2022-06-13 19:22:40,023 - engine.py[line:313] - INFO: Spider opened
2022-06-13 19:22:40,227 - logstats.py[line:48] - INFO: Crawled 0 pages (at 0 pages/min), scraped 0 items (at 0 items/min)
2022-06-13 19:22:40,227 - telnet.py[line:67] - INFO: Telnet console listening on 127.0.0.1:6023
2022-06-13 19:22:40,305 - engine.py[line:291] - DEBUG: Crawled (404) <GET http://www.gsei.com.cn/html/1337/list.html> (referer: None)
2022-06-13 19:22:40,415 - httperror.py[line:53] - INFO: Ignoring response <404 http://www.gsei.com.cn/html/1337/list.html>: HTTP status code is not handled or not allowed
2022-06-13 19:22:40,714 - engine.py[line:291] - DEBUG: Crawled (200) <GET http://www.gsei.com.cn/html/1337/list-2.html> (referer: None)
2022-06-13 19:22:41,059 - engine.py[line:291] - DEBUG: Crawled (200) <GET http://www.gsei.com.cn/html/1337/list-3.html> (referer: None)
2022-06-13 19:22:41,451 - engine.py[line:291] - DEBUG: Crawled (404) <GET http://www.gsei.com.cn/html/1336/list.html> (referer: None)
2022-06-13 19:22:41,561 - httperror.py[line:53] - INFO: Ignoring response <404 http://www.gsei.com.cn/html/1336/list.html>: HTTP status code is not handled or not allowed
2022-06-13 19:22:41,828 - engine.py[line:291] - DEBUG: Crawled (200) <GET http://www.gsei.com.cn/html/1336/list-2.html> (referer: None)
2022-06-13 19:22:42,205 - engine.py[line:291] - DEBUG: Crawled (200) <GET http://www.gsei.com.cn/html/1336/list-3.html> (referer: None)
2022-06-13 19:22:42,613 - engine.py[line:291] - DEBUG: Crawled (404) <GET http://www.gsei.com.cn/html/1663/list.html> (referer: None)
2022-06-13 19:22:42,722 - httperror.py[line:53] - INFO: Ignoring response <404 http://www.gsei.com.cn/html/1663/list.html>: HTTP status code is not handled or not allowed
2022-06-13 19:22:43,083 - engine.py[line:291] - DEBUG: Crawled (200) <GET http://www.gsei.com.cn/html/1663/list-2.html> (referer: None)
2022-06-13 19:22:43,428 - engine.py[line:291] - DEBUG: Crawled (200) <GET http://www.gsei.com.cn/html/1663/list-3.html> (referer: None)
2022-06-13 19:22:43,710 - engine.py[line:291] - DEBUG: Crawled (404) <GET http://www.gsei.com.cn/html/1662/list.html> (referer: None)
