2022-06-15 17:00:57,737 - middleware.py[line:51] - INFO: Enabled downloader middlewares:
['Qinghai.middlewares.RandomUserAgentMiddleware',
 'scrapy.downloadermiddlewares.httpauth.HttpAuthMiddleware',
 'scrapy.downloadermiddlewares.downloadtimeout.DownloadTimeoutMiddleware',
 'scrapy.downloadermiddlewares.defaultheaders.DefaultHeadersMiddleware',
 'scrapy.downloadermiddlewares.useragent.UserAgentMiddleware',
 'scrapy.downloadermiddlewares.retry.RetryMiddleware',
 'scrapy.downloadermiddlewares.redirect.MetaRefreshMiddleware',
 'scrapy.downloadermiddlewares.httpcompression.HttpCompressionMiddleware',
 'scrapy.downloadermiddlewares.redirect.RedirectMiddleware',
 'scrapy.downloadermiddlewares.cookies.CookiesMiddleware',
 'scrapy.downloadermiddlewares.httpproxy.HttpProxyMiddleware',
 'scrapy.downloadermiddlewares.stats.DownloaderStats']
2022-06-15 17:00:57,740 - middleware.py[line:51] - INFO: Enabled spider middlewares:
['scrapy.spidermiddlewares.httperror.HttpErrorMiddleware',
 'scrapy.spidermiddlewares.offsite.OffsiteMiddleware',
 'scrapy.spidermiddlewares.referer.RefererMiddleware',
 'scrapy.spidermiddlewares.urllength.UrlLengthMiddleware',
 'scrapy.spidermiddlewares.depth.DepthMiddleware']
2022-06-15 17:00:57,742 - middleware.py[line:51] - INFO: Enabled item pipelines:
['Qinghai.pipelines.QinghaiPipeline']
2022-06-15 17:00:57,742 - engine.py[line:313] - INFO: Spider opened
2022-06-15 17:00:57,939 - logstats.py[line:48] - INFO: Crawled 0 pages (at 0 pages/min), scraped 0 items (at 0 items/min)
2022-06-15 17:00:57,940 - telnet.py[line:67] - INFO: Telnet console listening on 127.0.0.1:6023
2022-06-15 17:00:59,266 - engine.py[line:291] - DEBUG: Crawled (200) <GET http://www.xntg.com/index.php?case=archive&act=list&catid=8&page=1> (referer: None)
2022-06-15 17:01:01,383 - engine.py[line:291] - DEBUG: Crawled (200) <GET http://www.xntg.com/index.php?case=archive&act=list&catid=9&page=2> (referer: None)
2022-06-15 17:01:01,733 - engine.py[line:291] - DEBUG: Crawled (200) <GET http://www.xntg.com/index.php?case=archive&act=list&catid=197&page=1> (referer: None)
2022-06-15 17:01:01,858 - engine.py[line:291] - DEBUG: Crawled (200) <GET http://www.xntg.com/index.php?case=archive&act=list&catid=9&page=1> (referer: None)
2022-06-15 17:01:01,858 - engine.py[line:291] - DEBUG: Crawled (200) <GET http://www.xntg.com/index.php?case=archive&act=list&catid=8&page=2> (referer: None)
2022-06-15 17:01:02,153 - engine.py[line:291] - DEBUG: Crawled (200) <GET http://www.xntg.com/index.php?case=archive&act=list&catid=197&page=2> (referer: None)
2022-06-15 17:01:04,708 - engine.py[line:291] - DEBUG: Crawled (200) <GET http://www.xntg.com/index.php?case=archive&act=show&aid=1260> (referer: http://www.xntg.com/index.php?case=archive&act=list&catid=9&page=1)
2022-06-15 17:01:04,822 - scraper.py[line:275] - DEBUG: Scraped from <200 http://www.xntg.com/index.php?case=archive&act=show&aid=1260>
None
2022-06-15 17:01:05,150 - engine.py[line:291] - DEBUG: Crawled (200) <GET http://www.xntg.com/index.php?case=archive&act=show&aid=1258> (referer: http://www.xntg.com/index.php?case=archive&act=list&catid=8&page=1)
2022-06-15 17:01:05,260 - scraper.py[line:275] - DEBUG: Scraped from <200 http://www.xntg.com/index.php?case=archive&act=show&aid=1258>
None
2022-06-15 17:01:06,391 - engine.py[line:291] - DEBUG: Crawled (200) <GET http://www.xntg.com/index.php?case=archive&act=show&aid=1257> (referer: http://www.xntg.com/index.php?case=archive&act=list&catid=8&page=1)
2022-06-15 17:01:06,500 - scraper.py[line:275] - DEBUG: Scraped from <200 http://www.xntg.com/index.php?case=archive&act=show&aid=1257>
None
2022-06-15 17:01:06,621 - engine.py[line:291] - DEBUG: Crawled (200) <GET http://www.xntg.com/index.php?case=archive&act=show&aid=1276> (referer: http://www.xntg.com/index.php?case=archive&act=list&catid=9&page=1)
2022-06-15 17:01:06,737 - scraper.py[line:275] - DEBUG: Scraped from <200 http://www.xntg.com/index.php?case=archive&act=show&aid=1276>
None
2022-06-15 17:01:07,812 - engine.py[line:291] - DEBUG: Crawled (200) <GET http://www.xntg.com/index.php?case=archive&act=show&aid=1259> (referer: http://www.xntg.com/index.php?case=archive&act=list&catid=8&page=1)
2022-06-15 17:01:07,905 - engine.py[line:291] - DEBUG: Crawled (200) <GET http://www.xntg.com/index.php?case=archive&act=show&aid=1277> (referer: http://www.xntg.com/index.php?case=archive&act=list&catid=9&page=1)
2022-06-15 17:01:07,920 - scraper.py[line:275] - DEBUG: Scraped from <200 http://www.xntg.com/index.php?case=archive&act=show&aid=1259>
None
2022-06-15 17:01:08,015 - scraper.py[line:275] - DEBUG: Scraped from <200 http://www.xntg.com/index.php?case=archive&act=show&aid=1277>
None
2022-06-15 17:01:09,043 - engine.py[line:291] - DEBUG: Crawled (200) <GET http://www.xntg.com/index.php?case=archive&act=show&aid=1278> (referer: http://www.xntg.com/index.php?case=archive&act=list&catid=9&page=1)
2022-06-15 17:01:09,153 - scraper.py[line:275] - DEBUG: Scraped from <200 http://www.xntg.com/index.php?case=archive&act=show&aid=1278>
None
2022-06-15 17:01:10,178 - engine.py[line:291] - DEBUG: Crawled (200) <GET http://www.xntg.com/index.php?case=archive&act=show&aid=1279> (referer: http://www.xntg.com/index.php?case=archive&act=list&catid=9&page=1)
2022-06-15 17:01:10,288 - scraper.py[line:275] - DEBUG: Scraped from <200 http://www.xntg.com/index.php?case=archive&act=show&aid=1279>
None
2022-06-15 17:01:11,266 - engine.py[line:291] - DEBUG: Crawled (200) <GET http://www.xntg.com/index.php?case=archive&act=show&aid=1280> (referer: http://www.xntg.com/index.php?case=archive&act=list&catid=9&page=1)
2022-06-15 17:01:11,375 - scraper.py[line:275] - DEBUG: Scraped from <200 http://www.xntg.com/index.php?case=archive&act=show&aid=1280>
None
2022-06-15 17:01:11,376 - engine.py[line:358] - INFO: Closing spider (finished)
2022-06-15 17:01:11,376 - statscollectors.py[line:46] - INFO: Dumping Scrapy stats:
{'downloader/request_bytes': 5784,
 'downloader/request_count': 15,
 'downloader/request_method_count/GET': 15,
 'downloader/response_bytes': 547193,
 'downloader/response_count': 15,
 'downloader/response_status_count/200': 15,
 'elapsed_time_seconds': 13.436722,
 'finish_reason': 'finished',
 'finish_time': datetime.datetime(2022, 6, 15, 9, 1, 11, 376360),
 'item_scraped_count': 9,
 'log_count/DEBUG': 25,
 'log_count/INFO': 10,
 'request_depth_max': 1,
 'response_received_count': 15,
 'scheduler/dequeued': 15,
 'scheduler/dequeued/memory': 15,
 'scheduler/enqueued': 15,
 'scheduler/enqueued/memory': 15,
 'start_time': datetime.datetime(2022, 6, 15, 9, 0, 57, 939638)}
2022-06-15 17:01:11,377 - engine.py[line:385] - INFO: Spider closed (finished)
