2022-06-14 10:15:55,882 - middleware.py[line:51] - INFO: Enabled downloader middlewares:
['Qinghai.middlewares.RandomUserAgentMiddleware',
 'scrapy.downloadermiddlewares.httpauth.HttpAuthMiddleware',
 'scrapy.downloadermiddlewares.downloadtimeout.DownloadTimeoutMiddleware',
 'scrapy.downloadermiddlewares.defaultheaders.DefaultHeadersMiddleware',
 'scrapy.downloadermiddlewares.useragent.UserAgentMiddleware',
 'scrapy.downloadermiddlewares.retry.RetryMiddleware',
 'scrapy.downloadermiddlewares.redirect.MetaRefreshMiddleware',
 'scrapy.downloadermiddlewares.httpcompression.HttpCompressionMiddleware',
 'scrapy.downloadermiddlewares.redirect.RedirectMiddleware',
 'scrapy.downloadermiddlewares.cookies.CookiesMiddleware',
 'scrapy.downloadermiddlewares.httpproxy.HttpProxyMiddleware',
 'scrapy.downloadermiddlewares.stats.DownloaderStats']
2022-06-14 10:15:55,885 - middleware.py[line:51] - INFO: Enabled spider middlewares:
['scrapy.spidermiddlewares.httperror.HttpErrorMiddleware',
 'scrapy.spidermiddlewares.offsite.OffsiteMiddleware',
 'scrapy.spidermiddlewares.referer.RefererMiddleware',
 'scrapy.spidermiddlewares.urllength.UrlLengthMiddleware',
 'scrapy.spidermiddlewares.depth.DepthMiddleware']
2022-06-14 10:15:55,887 - middleware.py[line:51] - INFO: Enabled item pipelines:
['Qinghai.pipelines.QinghaiPipeline']
2022-06-14 10:15:55,887 - engine.py[line:313] - INFO: Spider opened
2022-06-14 10:15:56,123 - logstats.py[line:48] - INFO: Crawled 0 pages (at 0 pages/min), scraped 0 items (at 0 items/min)
2022-06-14 10:15:56,124 - telnet.py[line:67] - INFO: Telnet console listening on 127.0.0.1:6023
2022-06-14 10:15:59,428 - engine.py[line:291] - DEBUG: Crawled (200) <GET https://www.miit.gov.cn/api-gateway/jpaas-publish-server/front/page/build/unit?parseType=buildstatic&webId=8d828e408d90447786ddbe128d495e9e&tplSetId=209741b2109044b5b7695700b2bec37e&pageType=column&tagId=%E5%8F%B3%E4%BE%A7%E5%86%85%E5%AE%B9&editType=null&pageId=b78525590d014ea7b6d13548e9b7b2c0> (referer: None)
2022-06-14 10:15:59,552 - engine.py[line:358] - INFO: Closing spider (finished)
2022-06-14 10:15:59,553 - statscollectors.py[line:46] - INFO: Dumping Scrapy stats:
{'downloader/request_bytes': 567,
 'downloader/request_count': 1,
 'downloader/request_method_count/GET': 1,
 'downloader/response_bytes': 2863,
 'downloader/response_count': 1,
 'downloader/response_status_count/200': 1,
 'elapsed_time_seconds': 3.429498,
 'finish_reason': 'finished',
 'finish_time': datetime.datetime(2022, 6, 14, 2, 15, 59, 553000),
 'httpcompression/response_bytes': 10527,
 'httpcompression/response_count': 1,
 'log_count/DEBUG': 2,
 'log_count/INFO': 10,
 'response_received_count': 1,
 'scheduler/dequeued': 1,
 'scheduler/dequeued/memory': 1,
 'scheduler/enqueued': 1,
 'scheduler/enqueued/memory': 1,
 'start_time': datetime.datetime(2022, 6, 14, 2, 15, 56, 123502)}
2022-06-14 10:15:59,553 - engine.py[line:385] - INFO: Spider closed (finished)
