2022-06-13 19:21:17,187 - middleware.py[line:51] - INFO: Enabled downloader middlewares:
['Qinghai.middlewares.RandomUserAgentMiddleware',
 'scrapy.downloadermiddlewares.httpauth.HttpAuthMiddleware',
 'scrapy.downloadermiddlewares.downloadtimeout.DownloadTimeoutMiddleware',
 'scrapy.downloadermiddlewares.defaultheaders.DefaultHeadersMiddleware',
 'scrapy.downloadermiddlewares.useragent.UserAgentMiddleware',
 'scrapy.downloadermiddlewares.retry.RetryMiddleware',
 'scrapy.downloadermiddlewares.redirect.MetaRefreshMiddleware',
 'scrapy.downloadermiddlewares.httpcompression.HttpCompressionMiddleware',
 'scrapy.downloadermiddlewares.redirect.RedirectMiddleware',
 'scrapy.downloadermiddlewares.cookies.CookiesMiddleware',
 'scrapy.downloadermiddlewares.httpproxy.HttpProxyMiddleware',
 'scrapy.downloadermiddlewares.stats.DownloaderStats']
2022-06-13 19:21:17,203 - middleware.py[line:51] - INFO: Enabled spider middlewares:
['scrapy.spidermiddlewares.httperror.HttpErrorMiddleware',
 'scrapy.spidermiddlewares.offsite.OffsiteMiddleware',
 'scrapy.spidermiddlewares.referer.RefererMiddleware',
 'scrapy.spidermiddlewares.urllength.UrlLengthMiddleware',
 'scrapy.spidermiddlewares.depth.DepthMiddleware']
2022-06-13 19:21:17,203 - middleware.py[line:51] - INFO: Enabled item pipelines:
['Qinghai.pipelines.QinghaiPipeline']
2022-06-13 19:21:17,203 - engine.py[line:313] - INFO: Spider opened
2022-06-13 19:21:17,407 - logstats.py[line:48] - INFO: Crawled 0 pages (at 0 pages/min), scraped 0 items (at 0 items/min)
2022-06-13 19:21:17,407 - telnet.py[line:67] - INFO: Telnet console listening on 127.0.0.1:6023
2022-06-13 19:21:17,501 - engine.py[line:291] - DEBUG: Crawled (200) <GET http://www.gsei.com.cn/html/1337/list-2.html> (referer: None)
2022-06-13 19:21:17,878 - engine.py[line:291] - DEBUG: Crawled (200) <GET http://www.gsei.com.cn/html/1336/list-2.html> (referer: None)
2022-06-13 19:21:18,333 - engine.py[line:291] - DEBUG: Crawled (200) <GET http://www.gsei.com.cn/html/1663/list-2.html> (referer: None)
2022-06-13 19:21:18,773 - engine.py[line:291] - DEBUG: Crawled (200) <GET http://www.gsei.com.cn/html/1662/list-2.html> (referer: None)
2022-06-13 19:21:19,040 - engine.py[line:291] - DEBUG: Crawled (404) <GET http://www.gsei.com.cn/html/1164/list-2.html> (referer: None)
2022-06-13 19:21:19,149 - httperror.py[line:53] - INFO: Ignoring response <404 http://www.gsei.com.cn/html/1164/list-2.html>: HTTP status code is not handled or not allowed
2022-06-13 19:21:19,448 - engine.py[line:291] - DEBUG: Crawled (404) <GET http://www.gsei.com.cn/html/1167/list-2.html> (referer: None)
2022-06-13 19:21:19,557 - httperror.py[line:53] - INFO: Ignoring response <404 http://www.gsei.com.cn/html/1167/list-2.html>: HTTP status code is not handled or not allowed
2022-06-13 19:21:19,736 - engine.py[line:291] - DEBUG: Crawled (200) <GET http://www.gsei.com.cn/html/1337/2022-06-13/content-380447.html> (referer: http://www.gsei.com.cn/html/1337/list-2.html)
2022-06-13 19:21:19,839 - scraper.py[line:275] - DEBUG: Scraped from <200 http://www.gsei.com.cn/html/1337/2022-06-13/content-380447.html>
None
2022-06-13 19:21:20,153 - engine.py[line:291] - DEBUG: Crawled (200) <GET http://www.gsei.com.cn/html/1337/2022-06-13/content-380454.html> (referer: http://www.gsei.com.cn/html/1337/list-2.html)
2022-06-13 19:21:20,263 - scraper.py[line:275] - DEBUG: Scraped from <200 http://www.gsei.com.cn/html/1337/2022-06-13/content-380454.html>
None
2022-06-13 19:21:20,593 - engine.py[line:291] - DEBUG: Crawled (200) <GET http://www.gsei.com.cn/html/1337/2022-06-13/content-380467.html> (referer: http://www.gsei.com.cn/html/1337/list-2.html)
2022-06-13 19:21:20,703 - scraper.py[line:275] - DEBUG: Scraped from <200 http://www.gsei.com.cn/html/1337/2022-06-13/content-380467.html>
None
2022-06-13 19:21:20,973 - engine.py[line:291] - DEBUG: Crawled (200) <GET http://www.gsei.com.cn/html/1337/2022-06-13/content-380468.html> (referer: http://www.gsei.com.cn/html/1337/list-2.html)
2022-06-13 19:21:21,083 - scraper.py[line:275] - DEBUG: Scraped from <200 http://www.gsei.com.cn/html/1337/2022-06-13/content-380468.html>
None
2022-06-13 19:21:21,208 - engine.py[line:291] - DEBUG: Crawled (200) <GET http://www.gsei.com.cn/html/1337/2022-06-13/content-380469.html> (referer: http://www.gsei.com.cn/html/1337/list-2.html)
2022-06-13 19:21:21,318 - scraper.py[line:275] - DEBUG: Scraped from <200 http://www.gsei.com.cn/html/1337/2022-06-13/content-380469.html>
None
2022-06-13 19:21:21,600 - engine.py[line:291] - DEBUG: Crawled (200) <GET http://www.gsei.com.cn/html/1337/2022-06-13/content-380470.html> (referer: http://www.gsei.com.cn/html/1337/list-2.html)
2022-06-13 19:21:21,710 - scraper.py[line:275] - DEBUG: Scraped from <200 http://www.gsei.com.cn/html/1337/2022-06-13/content-380470.html>
None
