2022-06-13 19:26:33,473 - middleware.py[line:51] - INFO: Enabled downloader middlewares:
['Qinghai.middlewares.RandomUserAgentMiddleware',
 'scrapy.downloadermiddlewares.httpauth.HttpAuthMiddleware',
 'scrapy.downloadermiddlewares.downloadtimeout.DownloadTimeoutMiddleware',
 'scrapy.downloadermiddlewares.defaultheaders.DefaultHeadersMiddleware',
 'scrapy.downloadermiddlewares.useragent.UserAgentMiddleware',
 'scrapy.downloadermiddlewares.retry.RetryMiddleware',
 'scrapy.downloadermiddlewares.redirect.MetaRefreshMiddleware',
 'scrapy.downloadermiddlewares.httpcompression.HttpCompressionMiddleware',
 'scrapy.downloadermiddlewares.redirect.RedirectMiddleware',
 'scrapy.downloadermiddlewares.cookies.CookiesMiddleware',
 'scrapy.downloadermiddlewares.httpproxy.HttpProxyMiddleware',
 'scrapy.downloadermiddlewares.stats.DownloaderStats']
2022-06-13 19:26:33,473 - middleware.py[line:51] - INFO: Enabled spider middlewares:
['scrapy.spidermiddlewares.httperror.HttpErrorMiddleware',
 'scrapy.spidermiddlewares.offsite.OffsiteMiddleware',
 'scrapy.spidermiddlewares.referer.RefererMiddleware',
 'scrapy.spidermiddlewares.urllength.UrlLengthMiddleware',
 'scrapy.spidermiddlewares.depth.DepthMiddleware']
2022-06-13 19:26:33,487 - middleware.py[line:51] - INFO: Enabled item pipelines:
['Qinghai.pipelines.QinghaiPipeline']
2022-06-13 19:26:33,487 - engine.py[line:313] - INFO: Spider opened
2022-06-13 19:26:33,692 - logstats.py[line:48] - INFO: Crawled 0 pages (at 0 pages/min), scraped 0 items (at 0 items/min)
2022-06-13 19:26:33,692 - telnet.py[line:67] - INFO: Telnet console listening on 127.0.0.1:6023
2022-06-13 19:26:33,786 - engine.py[line:291] - DEBUG: Crawled (200) <GET http://www.gsei.com.cn/html/1337/> (referer: None)
2022-06-13 19:26:34,084 - engine.py[line:291] - DEBUG: Crawled (200) <GET http://www.gsei.com.cn/html/1337/list-2.html> (referer: None)
2022-06-13 19:26:34,492 - engine.py[line:291] - DEBUG: Crawled (200) <GET http://www.gsei.com.cn/html/1337/list-3.html> (referer: None)
2022-06-13 19:26:34,872 - engine.py[line:291] - DEBUG: Crawled (200) <GET http://www.gsei.com.cn/html/1336/> (referer: None)
2022-06-13 19:26:35,296 - engine.py[line:291] - DEBUG: Crawled (200) <GET http://www.gsei.com.cn/html/1336/list-2.html> (referer: None)
2022-06-13 19:26:35,578 - engine.py[line:291] - DEBUG: Crawled (200) <GET http://www.gsei.com.cn/html/1336/list-3.html> (referer: None)
2022-06-13 19:26:36,006 - engine.py[line:291] - DEBUG: Crawled (200) <GET http://www.gsei.com.cn/html/1663/> (referer: None)
2022-06-13 19:26:36,416 - engine.py[line:291] - DEBUG: Crawled (200) <GET http://www.gsei.com.cn/html/1663/list-2.html> (referer: None)
2022-06-13 19:26:36,843 - engine.py[line:291] - DEBUG: Crawled (200) <GET http://www.gsei.com.cn/html/1663/list-3.html> (referer: None)
2022-06-13 19:26:37,275 - engine.py[line:291] - DEBUG: Crawled (200) <GET http://www.gsei.com.cn/html/1662/> (referer: None)
2022-06-13 19:26:37,718 - engine.py[line:291] - DEBUG: Crawled (200) <GET http://www.gsei.com.cn/html/1662/list-2.html> (referer: None)
2022-06-13 19:26:38,110 - engine.py[line:291] - DEBUG: Crawled (200) <GET http://www.gsei.com.cn/html/1662/list-3.html> (referer: None)
2022-06-13 19:26:38,314 - engine.py[line:291] - DEBUG: Crawled (200) <GET http://www.gsei.com.cn/html/1664/> (referer: None)
2022-06-13 19:26:38,753 - engine.py[line:291] - DEBUG: Crawled (200) <GET http://www.gsei.com.cn/html/1664/list-2.html> (referer: None)
2022-06-13 19:26:39,146 - engine.py[line:291] - DEBUG: Crawled (200) <GET http://www.gsei.com.cn/html/1664/list-3.html> (referer: None)
2022-06-13 19:26:39,397 - engine.py[line:291] - DEBUG: Crawled (200) <GET http://www.gsei.com.cn/html/1657/> (referer: None)
2022-06-13 19:26:39,801 - engine.py[line:291] - DEBUG: Crawled (200) <GET http://www.gsei.com.cn/html/1657/list-2.html> (referer: None)
2022-06-13 19:26:40,162 - engine.py[line:291] - DEBUG: Crawled (200) <GET http://www.gsei.com.cn/html/1337/2022-06-13/content-380540.html> (referer: http://www.gsei.com.cn/html/1337/)
2022-06-13 19:26:40,271 - scraper.py[line:275] - DEBUG: Scraped from <200 http://www.gsei.com.cn/html/1337/2022-06-13/content-380540.html>
None
2022-06-13 19:26:40,601 - engine.py[line:291] - DEBUG: Crawled (200) <GET http://www.gsei.com.cn/html/1337/2022-06-13/content-380447.html> (referer: http://www.gsei.com.cn/html/1337/list-2.html)
2022-06-13 19:26:40,742 - scraper.py[line:275] - DEBUG: Scraped from <200 http://www.gsei.com.cn/html/1337/2022-06-13/content-380447.html>
None
2022-06-13 19:26:40,977 - engine.py[line:291] - DEBUG: Crawled (200) <GET http://www.gsei.com.cn/html/1337/2022-06-10/content-380286.html> (referer: http://www.gsei.com.cn/html/1337/list-3.html)
2022-06-13 19:26:41,088 - scraper.py[line:275] - DEBUG: Scraped from <200 http://www.gsei.com.cn/html/1337/2022-06-10/content-380286.html>
None
2022-06-13 19:26:41,417 - engine.py[line:291] - DEBUG: Crawled (200) <GET http://www.gsei.com.cn/html/1336/2022-06-13/content-380496.html> (referer: http://www.gsei.com.cn/html/1336/)
2022-06-13 19:26:41,527 - scraper.py[line:275] - DEBUG: Scraped from <200 http://www.gsei.com.cn/html/1336/2022-06-13/content-380496.html>
None
2022-06-13 19:26:41,699 - engine.py[line:291] - DEBUG: Crawled (200) <GET http://www.gsei.com.cn/html/1336/2022-06-10/content-380329.html> (referer: http://www.gsei.com.cn/html/1336/list-2.html)
2022-06-13 19:26:41,809 - scraper.py[line:275] - DEBUG: Scraped from <200 http://www.gsei.com.cn/html/1336/2022-06-10/content-380329.html>
None
2022-06-13 19:26:42,107 - engine.py[line:291] - DEBUG: Crawled (200) <GET http://www.gsei.com.cn/html/1336/2022-06-10/content-380255.html> (referer: http://www.gsei.com.cn/html/1336/list-3.html)
2022-06-13 19:26:42,217 - scraper.py[line:275] - DEBUG: Scraped from <200 http://www.gsei.com.cn/html/1336/2022-06-10/content-380255.html>
None
2022-06-13 19:26:42,327 - engine.py[line:291] - DEBUG: Crawled (200) <GET http://www.gsei.com.cn/html/1663/2022-06-09/content-380037.html> (referer: http://www.gsei.com.cn/html/1663/)
2022-06-13 19:26:42,436 - scraper.py[line:275] - DEBUG: Scraped from <200 http://www.gsei.com.cn/html/1663/2022-06-09/content-380037.html>
None
2022-06-13 19:26:42,720 - engine.py[line:291] - DEBUG: Crawled (200) <GET http://www.gsei.com.cn/html/1663/2022-06-07/content-379568.html> (referer: http://www.gsei.com.cn/html/1663/list-2.html)
2022-06-13 19:26:42,829 - scraper.py[line:275] - DEBUG: Scraped from <200 http://www.gsei.com.cn/html/1663/2022-06-07/content-379568.html>
None
2022-06-13 19:26:43,159 - engine.py[line:291] - DEBUG: Crawled (200) <GET http://www.gsei.com.cn/html/1663/2022-06-06/content-379215.html> (referer: http://www.gsei.com.cn/html/1663/list-3.html)
2022-06-13 19:26:43,268 - scraper.py[line:275] - DEBUG: Scraped from <200 http://www.gsei.com.cn/html/1663/2022-06-06/content-379215.html>
None
2022-06-13 19:26:43,394 - engine.py[line:291] - DEBUG: Crawled (200) <GET http://www.gsei.com.cn/html/1662/2022-06-13/content-380489.html> (referer: http://www.gsei.com.cn/html/1662/)
2022-06-13 19:26:43,503 - scraper.py[line:275] - DEBUG: Scraped from <200 http://www.gsei.com.cn/html/1662/2022-06-13/content-380489.html>
None
2022-06-13 19:26:43,837 - engine.py[line:291] - DEBUG: Crawled (404) <GET http://www.gsei.com.cn/html/1662/2022-06-10/content-380242.html> (referer: http://www.gsei.com.cn/html/1662/list-2.html)
2022-06-13 19:26:43,947 - httperror.py[line:53] - INFO: Ignoring response <404 http://www.gsei.com.cn/html/1662/2022-06-10/content-380242.html>: HTTP status code is not handled or not allowed
2022-06-13 19:26:44,135 - engine.py[line:291] - DEBUG: Crawled (200) <GET http://www.gsei.com.cn/html/1662/2022-06-09/content-379915.html> (referer: http://www.gsei.com.cn/html/1662/list-3.html)
2022-06-13 19:26:44,245 - scraper.py[line:275] - DEBUG: Scraped from <200 http://www.gsei.com.cn/html/1662/2022-06-09/content-379915.html>
None
2022-06-13 19:26:44,592 - engine.py[line:291] - DEBUG: Crawled (200) <GET http://www.gsei.com.cn/html/1664/2022-06-02/content-378808.html> (referer: http://www.gsei.com.cn/html/1664/)
2022-06-13 19:26:44,700 - scraper.py[line:275] - DEBUG: Scraped from <200 http://www.gsei.com.cn/html/1664/2022-06-02/content-378808.html>
None
2022-06-13 19:26:45,045 - engine.py[line:291] - DEBUG: Crawled (200) <GET http://www.gsei.com.cn/html/1664/2022-05-23/content-376891.html> (referer: http://www.gsei.com.cn/html/1664/list-2.html)
2022-06-13 19:26:45,154 - scraper.py[line:275] - DEBUG: Scraped from <200 http://www.gsei.com.cn/html/1664/2022-05-23/content-376891.html>
None
2022-06-13 19:26:45,280 - engine.py[line:291] - DEBUG: Crawled (200) <GET http://www.gsei.com.cn/html/1664/2022-05-16/content-375578.html> (referer: http://www.gsei.com.cn/html/1664/list-3.html)
2022-06-13 19:26:45,390 - scraper.py[line:275] - DEBUG: Scraped from <200 http://www.gsei.com.cn/html/1664/2022-05-16/content-375578.html>
None
2022-06-13 19:26:45,688 - engine.py[line:291] - DEBUG: Crawled (200) <GET http://www.gsei.com.cn/html/1657/2022-06-09/content-379851.html> (referer: http://www.gsei.com.cn/html/1657/)
