2022-06-14 10:11:56,416 - middleware.py[line:51] - INFO: Enabled downloader middlewares:
['Qinghai.middlewares.RandomUserAgentMiddleware',
 'scrapy.downloadermiddlewares.httpauth.HttpAuthMiddleware',
 'scrapy.downloadermiddlewares.downloadtimeout.DownloadTimeoutMiddleware',
 'scrapy.downloadermiddlewares.defaultheaders.DefaultHeadersMiddleware',
 'scrapy.downloadermiddlewares.useragent.UserAgentMiddleware',
 'scrapy.downloadermiddlewares.retry.RetryMiddleware',
 'scrapy.downloadermiddlewares.redirect.MetaRefreshMiddleware',
 'scrapy.downloadermiddlewares.httpcompression.HttpCompressionMiddleware',
 'scrapy.downloadermiddlewares.redirect.RedirectMiddleware',
 'scrapy.downloadermiddlewares.cookies.CookiesMiddleware',
 'scrapy.downloadermiddlewares.httpproxy.HttpProxyMiddleware',
 'scrapy.downloadermiddlewares.stats.DownloaderStats']
2022-06-14 10:11:56,416 - middleware.py[line:51] - INFO: Enabled spider middlewares:
['scrapy.spidermiddlewares.httperror.HttpErrorMiddleware',
 'scrapy.spidermiddlewares.offsite.OffsiteMiddleware',
 'scrapy.spidermiddlewares.referer.RefererMiddleware',
 'scrapy.spidermiddlewares.urllength.UrlLengthMiddleware',
 'scrapy.spidermiddlewares.depth.DepthMiddleware']
2022-06-14 10:11:56,416 - middleware.py[line:51] - INFO: Enabled item pipelines:
['Qinghai.pipelines.QinghaiPipeline']
2022-06-14 10:11:56,416 - engine.py[line:313] - INFO: Spider opened
2022-06-14 10:11:56,620 - logstats.py[line:48] - INFO: Crawled 0 pages (at 0 pages/min), scraped 0 items (at 0 items/min)
2022-06-14 10:11:56,620 - telnet.py[line:67] - INFO: Telnet console listening on 127.0.0.1:6023
2022-06-14 10:11:56,683 - engine.py[line:291] - DEBUG: Crawled (200) <GET http://www.hcjq.net/jqzb/index.html> (referer: None)
2022-06-14 10:11:57,060 - engine.py[line:291] - DEBUG: Crawled (200) <GET http://www.hcjq.net/html/2022/jqzb_0609/27862.html> (referer: http://www.hcjq.net/jqzb/index.html)
2022-06-14 10:11:57,169 - scraper.py[line:275] - DEBUG: Scraped from <200 http://www.hcjq.net/html/2022/jqzb_0609/27862.html>
None
2022-06-14 10:11:57,484 - engine.py[line:291] - DEBUG: Crawled (200) <GET http://www.hcjq.net/html/2022/jqzb_0609/27863.html> (referer: http://www.hcjq.net/jqzb/index.html)
2022-06-14 10:11:57,594 - scraper.py[line:275] - DEBUG: Scraped from <200 http://www.hcjq.net/html/2022/jqzb_0609/27863.html>
None
2022-06-14 10:11:57,907 - engine.py[line:291] - DEBUG: Crawled (200) <GET http://www.hcjq.net/html/2022/jqzb_0609/27864.html> (referer: http://www.hcjq.net/jqzb/index.html)
2022-06-14 10:11:58,017 - scraper.py[line:275] - DEBUG: Scraped from <200 http://www.hcjq.net/html/2022/jqzb_0609/27864.html>
None
2022-06-14 10:11:58,201 - engine.py[line:291] - DEBUG: Crawled (200) <GET http://www.hcjq.net/html/2022/jqzb_0609/27866.html> (referer: http://www.hcjq.net/jqzb/index.html)
2022-06-14 10:11:58,311 - scraper.py[line:275] - DEBUG: Scraped from <200 http://www.hcjq.net/html/2022/jqzb_0609/27866.html>
None
2022-06-14 10:11:58,625 - engine.py[line:291] - DEBUG: Crawled (200) <GET http://www.hcjq.net/html/2022/jqzb_0609/27867.html> (referer: http://www.hcjq.net/jqzb/index.html)
2022-06-14 10:11:58,735 - scraper.py[line:275] - DEBUG: Scraped from <200 http://www.hcjq.net/html/2022/jqzb_0609/27867.html>
None
2022-06-14 10:11:59,033 - engine.py[line:291] - DEBUG: Crawled (200) <GET http://www.hcjq.net/html/2022/jqzb_0610/27868.html> (referer: http://www.hcjq.net/jqzb/index.html)
2022-06-14 10:11:59,143 - scraper.py[line:275] - DEBUG: Scraped from <200 http://www.hcjq.net/html/2022/jqzb_0610/27868.html>
None
2022-06-14 10:11:59,378 - engine.py[line:291] - DEBUG: Crawled (200) <GET http://www.hcjq.net/html/2022/jqzb_0610/27869.html> (referer: http://www.hcjq.net/jqzb/index.html)
2022-06-14 10:11:59,488 - scraper.py[line:275] - DEBUG: Scraped from <200 http://www.hcjq.net/html/2022/jqzb_0610/27869.html>
None
2022-06-14 10:11:59,723 - engine.py[line:291] - DEBUG: Crawled (200) <GET http://www.hcjq.net/html/2022/jqzb_0613/27874.html> (referer: http://www.hcjq.net/jqzb/index.html)
2022-06-14 10:11:59,833 - scraper.py[line:275] - DEBUG: Scraped from <200 http://www.hcjq.net/html/2022/jqzb_0613/27874.html>
None
2022-06-14 10:12:00,179 - engine.py[line:291] - DEBUG: Crawled (200) <GET http://www.hcjq.net/html/2022/jqzb_0613/27875.html> (referer: http://www.hcjq.net/jqzb/index.html)
2022-06-14 10:12:00,289 - scraper.py[line:275] - DEBUG: Scraped from <200 http://www.hcjq.net/html/2022/jqzb_0613/27875.html>
None
2022-06-14 10:12:00,289 - engine.py[line:358] - INFO: Closing spider (finished)
2022-06-14 10:12:00,289 - statscollectors.py[line:46] - INFO: Dumping Scrapy stats:
{'downloader/request_bytes': 3450,
 'downloader/request_count': 10,
 'downloader/request_method_count/GET': 10,
 'downloader/response_bytes': 88064,
 'downloader/response_count': 10,
 'downloader/response_status_count/200': 10,
 'elapsed_time_seconds': 3.668858,
 'finish_reason': 'finished',
 'finish_time': datetime.datetime(2022, 6, 14, 2, 12, 0, 289358),
 'httpcompression/response_bytes': 276023,
 'httpcompression/response_count': 10,
 'item_scraped_count': 9,
 'log_count/DEBUG': 20,
 'log_count/INFO': 10,
 'request_depth_max': 1,
 'response_received_count': 10,
 'scheduler/dequeued': 10,
 'scheduler/dequeued/memory': 10,
 'scheduler/enqueued': 10,
 'scheduler/enqueued/memory': 10,
 'start_time': datetime.datetime(2022, 6, 14, 2, 11, 56, 620500)}
2022-06-14 10:12:00,289 - engine.py[line:385] - INFO: Spider closed (finished)
