2022-06-14 10:17:55,020 - middleware.py[line:51] - INFO: Enabled downloader middlewares:
['Qinghai.middlewares.RandomUserAgentMiddleware',
 'scrapy.downloadermiddlewares.httpauth.HttpAuthMiddleware',
 'scrapy.downloadermiddlewares.downloadtimeout.DownloadTimeoutMiddleware',
 'scrapy.downloadermiddlewares.defaultheaders.DefaultHeadersMiddleware',
 'scrapy.downloadermiddlewares.useragent.UserAgentMiddleware',
 'scrapy.downloadermiddlewares.retry.RetryMiddleware',
 'scrapy.downloadermiddlewares.redirect.MetaRefreshMiddleware',
 'scrapy.downloadermiddlewares.httpcompression.HttpCompressionMiddleware',
 'scrapy.downloadermiddlewares.redirect.RedirectMiddleware',
 'scrapy.downloadermiddlewares.cookies.CookiesMiddleware',
 'scrapy.downloadermiddlewares.httpproxy.HttpProxyMiddleware',
 'scrapy.downloadermiddlewares.stats.DownloaderStats']
2022-06-14 10:17:55,023 - middleware.py[line:51] - INFO: Enabled spider middlewares:
['scrapy.spidermiddlewares.httperror.HttpErrorMiddleware',
 'scrapy.spidermiddlewares.offsite.OffsiteMiddleware',
 'scrapy.spidermiddlewares.referer.RefererMiddleware',
 'scrapy.spidermiddlewares.urllength.UrlLengthMiddleware',
 'scrapy.spidermiddlewares.depth.DepthMiddleware']
2022-06-14 10:17:55,025 - middleware.py[line:51] - INFO: Enabled item pipelines:
['Qinghai.pipelines.QinghaiPipeline']
2022-06-14 10:17:55,025 - engine.py[line:313] - INFO: Spider opened
2022-06-14 10:17:55,242 - logstats.py[line:48] - INFO: Crawled 0 pages (at 0 pages/min), scraped 0 items (at 0 items/min)
2022-06-14 10:17:55,243 - telnet.py[line:67] - INFO: Telnet console listening on 127.0.0.1:6023
2022-06-14 10:17:55,391 - engine.py[line:291] - DEBUG: Crawled (200) <GET http://www.gd.icbc.com.cn/icbc/%e9%9d%92%e6%b5%b7%e5%88%86%e8%a1%8c/%e6%9c%80%e6%96%b0%e4%b8%9a%e5%8a%a1/%e9%9b%86%e4%b8%ad%e9%87%87%e8%b4%ad%e4%bf%a1%e6%81%af%e5%85%ac%e5%bc%80/default.htm> (referer: None)
2022-06-14 10:17:55,714 - engine.py[line:291] - DEBUG: Crawled (200) <GET http://www.gd.icbc.com.cn/icbc/%e9%9d%92%e6%b5%b7%e5%88%86%e8%a1%8c/%e6%9c%80%e6%96%b0%e4%b8%9a%e5%8a%a1/%e9%9b%86%e4%b8%ad%e9%87%87%e8%b4%ad%e4%bf%a1%e6%81%af%e5%85%ac%e5%bc%80/%e4%b8%ad%e5%9b%bd%e5%b7%a5%e5%95%86%e9%93%b6%e8%a1%8c%e9%9d%92%e6%b5%b7%e7%9c%81%e5%88%86%e8%a1%8c%e5%bc%ba%e5%bc%b1%e7%94%b5%e7%ba%bf%e8%b7%af%e6%95%b4%e6%b2%bb%e9%a1%b9%e7%9b%ae%e5%85%ac%e5%bc%80%e6%8b%9b%e5%8b%9f%e6%bd%9c%e5%9c%a8%e4%be%9b%e5%ba%94%e5%95%86%e7%bb%93%e6%9e%9c%e5%85%ac%e7%a4%ba.htm> (referer: http://www.gd.icbc.com.cn/icbc/%e9%9d%92%e6%b5%b7%e5%88%86%e8%a1%8c/%e6%9c%80%e6%96%b0%e4%b8%9a%e5%8a%a1/%e9%9b%86%e4%b8%ad%e9%87%87%e8%b4%ad%e4%bf%a1%e6%81%af%e5%85%ac%e5%bc%80/default.htm)
2022-06-14 10:17:56,095 - engine.py[line:291] - DEBUG: Crawled (200) <GET http://www.gd.icbc.com.cn/icbc/%e9%9d%92%e6%b5%b7%e5%88%86%e8%a1%8c/%e6%9c%80%e6%96%b0%e4%b8%9a%e5%8a%a1/%e9%9b%86%e4%b8%ad%e9%87%87%e8%b4%ad%e4%bf%a1%e6%81%af%e5%85%ac%e5%bc%80/%e5%85%b3%e4%ba%8e%e4%b8%ad%e5%9b%bd%e5%b7%a5%e5%95%86%e9%93%b6%e8%a1%8c%e9%9d%92%e6%b5%b7%e7%9c%81%e5%88%86%e8%a1%8c%e5%8a%9e%e5%85%ac%e7%94%a8%e5%93%81%e9%a1%b9%e7%9b%ae%e6%bd%9c%e5%9c%a8%e4%be%9b%e5%ba%94%e5%95%86%e7%9a%84%e5%85%ac%e7%a4%ba.htm> (referer: http://www.gd.icbc.com.cn/icbc/%e9%9d%92%e6%b5%b7%e5%88%86%e8%a1%8c/%e6%9c%80%e6%96%b0%e4%b8%9a%e5%8a%a1/%e9%9b%86%e4%b8%ad%e9%87%87%e8%b4%ad%e4%bf%a1%e6%81%af%e5%85%ac%e5%bc%80/default.htm)
2022-06-14 10:17:56,540 - engine.py[line:291] - DEBUG: Crawled (200) <GET http://www.gd.icbc.com.cn/icbc/%e9%9d%92%e6%b5%b7%e5%88%86%e8%a1%8c/%e6%9c%80%e6%96%b0%e4%b8%9a%e5%8a%a1/%e9%9b%86%e4%b8%ad%e9%87%87%e8%b4%ad%e4%bf%a1%e6%81%af%e5%85%ac%e5%bc%80/%e5%85%b3%e4%ba%8e%e4%b8%ad%e5%9b%bd%e5%b7%a5%e5%95%86%e9%93%b6%e8%a1%8c%e9%9d%92%e6%b5%b7%e7%9c%81%e5%88%86%e8%a1%8c%e7%88%b1%e8%b4%ad%e4%bf%83%e9%94%80%e6%b4%bb%e5%8a%a8%e9%a1%b9%e7%9b%ae%e5%85%ac%e5%bc%80%e6%8b%9b%e5%8b%9f%e6%bd%9c%e5%9c%a8%e4%be%9b%e5%ba%94%e5%95%86%e7%9a%84%e5%85%ac%e5%91%8a.htm> (referer: http://www.gd.icbc.com.cn/icbc/%e9%9d%92%e6%b5%b7%e5%88%86%e8%a1%8c/%e6%9c%80%e6%96%b0%e4%b8%9a%e5%8a%a1/%e9%9b%86%e4%b8%ad%e9%87%87%e8%b4%ad%e4%bf%a1%e6%81%af%e5%85%ac%e5%bc%80/default.htm)
2022-06-14 10:17:56,914 - engine.py[line:291] - DEBUG: Crawled (200) <GET http://www.gd.icbc.com.cn/icbc/%e9%9d%92%e6%b5%b7%e5%88%86%e8%a1%8c/%e6%9c%80%e6%96%b0%e4%b8%9a%e5%8a%a1/%e9%9b%86%e4%b8%ad%e9%87%87%e8%b4%ad%e4%bf%a1%e6%81%af%e5%85%ac%e5%bc%80/%e5%85%b3%e4%ba%8e%e4%b8%ad%e5%9b%bd%e5%b7%a5%e5%95%86%e9%93%b6%e8%a1%8c%e9%9d%92%e6%b5%b7%e7%9c%81%e5%88%86%e8%a1%8c%e4%b9%a6%e7%b1%8d%e5%ae%9a%e7%82%b9%e4%be%9b%e5%ba%94%e9%a1%b9%e7%9b%ae%e5%85%ac%e5%bc%80%e6%8b%9b%e5%8b%9f%e6%bd%9c%e5%9c%a8%e4%be%9b%e5%ba%94%e5%95%86%e7%9a%84%e5%85%ac%e5%91%8a.htm> (referer: http://www.gd.icbc.com.cn/icbc/%e9%9d%92%e6%b5%b7%e5%88%86%e8%a1%8c/%e6%9c%80%e6%96%b0%e4%b8%9a%e5%8a%a1/%e9%9b%86%e4%b8%ad%e9%87%87%e8%b4%ad%e4%bf%a1%e6%81%af%e5%85%ac%e5%bc%80/default.htm)
2022-06-14 10:17:57,368 - engine.py[line:291] - DEBUG: Crawled (200) <GET http://www.gd.icbc.com.cn/icbc/%e9%9d%92%e6%b5%b7%e5%88%86%e8%a1%8c/%e6%9c%80%e6%96%b0%e4%b8%9a%e5%8a%a1/%e9%9b%86%e4%b8%ad%e9%87%87%e8%b4%ad%e4%bf%a1%e6%81%af%e5%85%ac%e5%bc%80/%e5%85%b3%e4%ba%8e%e4%b8%ad%e5%9b%bd%e5%b7%a5%e5%95%86%e9%93%b6%e8%a1%8c%e9%9d%92%e6%b5%b7%e7%9c%81%e5%88%86%e8%a1%8c%e6%8a%a5%e5%ba%9f%e8%ae%a1%e7%ae%97%e6%9c%ba%e8%ae%be%e5%a4%87%e5%9b%9e%e6%94%b6%e5%a4%84%e7%bd%ae%e6%9c%8d%e5%8a%a1%e9%a1%b9%e7%9b%ae%e5%85%ac%e5%bc%80%e6%8b%9b%e5%8b%9f%e6%bd%9c%e5%9c%a8%e4%be%9b%e5%ba%94%e5%95%86%e7%9a%84%e5%85%ac%e5%91%8a.htm> (referer: http://www.gd.icbc.com.cn/icbc/%e9%9d%92%e6%b5%b7%e5%88%86%e8%a1%8c/%e6%9c%80%e6%96%b0%e4%b8%9a%e5%8a%a1/%e9%9b%86%e4%b8%ad%e9%87%87%e8%b4%ad%e4%bf%a1%e6%81%af%e5%85%ac%e5%bc%80/default.htm)
2022-06-14 10:17:57,701 - engine.py[line:291] - DEBUG: Crawled (200) <GET http://www.gd.icbc.com.cn/icbc/%e9%9d%92%e6%b5%b7%e5%88%86%e8%a1%8c/%e6%9c%80%e6%96%b0%e4%b8%9a%e5%8a%a1/%e9%9b%86%e4%b8%ad%e9%87%87%e8%b4%ad%e4%bf%a1%e6%81%af%e5%85%ac%e5%bc%80/%e5%85%b3%e4%ba%8e%e4%b8%ad%e5%9b%bd%e5%b7%a5%e5%95%86%e9%93%b6%e8%a1%8c%e9%9d%92%e6%b5%b7%e7%9c%81%e5%88%86%e8%a1%8c%e4%b9%a6%e7%b1%8d%e5%ae%9a%e7%82%b9%e4%be%9b%e5%ba%94%e9%a1%b9%e7%9b%ae%e6%bd%9c%e5%9c%a8%e4%be%9b%e5%ba%94%e5%95%86%e7%9a%84%e5%85%ac%e7%a4%ba.htm> (referer: http://www.gd.icbc.com.cn/icbc/%e9%9d%92%e6%b5%b7%e5%88%86%e8%a1%8c/%e6%9c%80%e6%96%b0%e4%b8%9a%e5%8a%a1/%e9%9b%86%e4%b8%ad%e9%87%87%e8%b4%ad%e4%bf%a1%e6%81%af%e5%85%ac%e5%bc%80/default.htm)
2022-06-14 10:17:57,965 - engine.py[line:291] - DEBUG: Crawled (200) <GET http://www.gd.icbc.com.cn/icbc/%e9%9d%92%e6%b5%b7%e5%88%86%e8%a1%8c/%e6%9c%80%e6%96%b0%e4%b8%9a%e5%8a%a1/%e9%9b%86%e4%b8%ad%e9%87%87%e8%b4%ad%e4%bf%a1%e6%81%af%e5%85%ac%e5%bc%80/%e5%85%b3%e4%ba%8e%e4%b8%ad%e5%9b%bd%e5%b7%a5%e5%95%86%e9%93%b6%e8%a1%8c%e9%9d%92%e6%b5%b7%e7%9c%81%e5%88%86%e8%a1%8c%e9%a3%9f%e5%a0%82%e8%ae%be%e5%a4%87%e9%a1%b9%e7%9b%ae%e5%85%ac%e5%bc%80%e6%8b%9b%e5%8b%9f%e6%bd%9c%e5%9c%a8%e4%be%9b%e5%ba%94%e5%95%86%e7%9a%84%e5%85%ac%e5%91%8a.htm> (referer: http://www.gd.icbc.com.cn/icbc/%e9%9d%92%e6%b5%b7%e5%88%86%e8%a1%8c/%e6%9c%80%e6%96%b0%e4%b8%9a%e5%8a%a1/%e9%9b%86%e4%b8%ad%e9%87%87%e8%b4%ad%e4%bf%a1%e6%81%af%e5%85%ac%e5%bc%80/default.htm)
2022-06-14 10:17:58,398 - engine.py[line:291] - DEBUG: Crawled (200) <GET http://www.gd.icbc.com.cn/icbc/%e9%9d%92%e6%b5%b7%e5%88%86%e8%a1%8c/%e6%9c%80%e6%96%b0%e4%b8%9a%e5%8a%a1/%e9%9b%86%e4%b8%ad%e9%87%87%e8%b4%ad%e4%bf%a1%e6%81%af%e5%85%ac%e5%bc%80/%e5%85%b3%e4%ba%8e%e4%b8%ad%e5%9b%bd%e5%b7%a5%e5%95%86%e9%93%b6%e8%a1%8c%e9%9d%92%e6%b5%b7%e7%9c%81%e5%88%86%e8%a1%8c%e7%89%b9%e8%89%b2%e8%bd%af%e4%bb%b6%e7%a0%94%e5%8f%91%e6%b5%8b%e8%af%95%e9%a1%b9%e7%9b%ae%e6%bd%9c%e5%9c%a8%e4%be%9b%e5%ba%94%e5%95%86%e7%9a%84%e5%85%ac%e7%a4%ba.htm> (referer: http://www.gd.icbc.com.cn/icbc/%e9%9d%92%e6%b5%b7%e5%88%86%e8%a1%8c/%e6%9c%80%e6%96%b0%e4%b8%9a%e5%8a%a1/%e9%9b%86%e4%b8%ad%e9%87%87%e8%b4%ad%e4%bf%a1%e6%81%af%e5%85%ac%e5%bc%80/default.htm)
2022-06-14 10:17:58,797 - engine.py[line:291] - DEBUG: Crawled (200) <GET http://www.gd.icbc.com.cn/icbc/%e9%9d%92%e6%b5%b7%e5%88%86%e8%a1%8c/%e6%9c%80%e6%96%b0%e4%b8%9a%e5%8a%a1/%e9%9b%86%e4%b8%ad%e9%87%87%e8%b4%ad%e4%bf%a1%e6%81%af%e5%85%ac%e5%bc%80/%e5%85%b3%e4%ba%8e%e4%b8%ad%e5%9b%bd%e5%b7%a5%e5%95%86%e9%93%b6%e8%a1%8c%e9%9d%92%e6%b5%b7%e7%9c%81%e5%88%86%e8%a1%8c%e7%88%b1%e8%b4%ad%e4%bf%83%e9%94%80%e6%b4%bb%e5%8a%a8%e9%a1%b9%e7%9b%ae%e5%85%ac%e5%bc%80%e6%8b%9b%e5%8b%9f%e6%bd%9c%e5%9c%a8%e4%be%9b%e5%ba%94%e5%95%86%e7%9a%84%e5%85%ac%e5%91%8a%e4%ba%8c.htm> (referer: http://www.gd.icbc.com.cn/icbc/%e9%9d%92%e6%b5%b7%e5%88%86%e8%a1%8c/%e6%9c%80%e6%96%b0%e4%b8%9a%e5%8a%a1/%e9%9b%86%e4%b8%ad%e9%87%87%e8%b4%ad%e4%bf%a1%e6%81%af%e5%85%ac%e5%bc%80/default.htm)
2022-06-14 10:17:59,125 - engine.py[line:291] - DEBUG: Crawled (200) <GET http://www.gd.icbc.com.cn/icbc/%e9%9d%92%e6%b5%b7%e5%88%86%e8%a1%8c/%e6%9c%80%e6%96%b0%e4%b8%9a%e5%8a%a1/%e9%9b%86%e4%b8%ad%e9%87%87%e8%b4%ad%e4%bf%a1%e6%81%af%e5%85%ac%e5%bc%80/%e5%85%b3%e4%ba%8e%e4%b8%ad%e5%9b%bd%e5%b7%a5%e5%95%86%e9%93%b6%e8%a1%8c%e9%9d%92%e6%b5%b7%e7%9c%81%e5%88%86%e8%a1%8c%e6%8a%a5%e5%ba%9f%e8%ae%a1%e7%ae%97%e6%9c%ba%e8%ae%be%e5%a4%87%e5%9b%9e%e6%94%b6%e6%9c%8d%e5%8a%a1%e9%a1%b9%e7%9b%ae%e6%bd%9c%e5%9c%a8%e4%be%9b%e5%ba%94%e5%95%86%e7%9a%84%e5%85%ac%e7%a4%ba.htm> (referer: http://www.gd.icbc.com.cn/icbc/%e9%9d%92%e6%b5%b7%e5%88%86%e8%a1%8c/%e6%9c%80%e6%96%b0%e4%b8%9a%e5%8a%a1/%e9%9b%86%e4%b8%ad%e9%87%87%e8%b4%ad%e4%bf%a1%e6%81%af%e5%85%ac%e5%bc%80/default.htm)
2022-06-14 10:17:59,446 - engine.py[line:291] - DEBUG: Crawled (200) <GET http://www.gd.icbc.com.cn/icbc/%e9%9d%92%e6%b5%b7%e5%88%86%e8%a1%8c/%e6%9c%80%e6%96%b0%e4%b8%9a%e5%8a%a1/%e9%9b%86%e4%b8%ad%e9%87%87%e8%b4%ad%e4%bf%a1%e6%81%af%e5%85%ac%e5%bc%80/%e4%b8%ad%e5%9b%bd%e5%b7%a5%e5%95%86%e9%93%b6%e8%a1%8c%e9%9d%92%e6%b5%b7%e7%9c%81%e5%88%86%e8%a1%8c%e7%88%b1%e8%b4%ad%e4%bf%83%e9%94%80%e6%b4%bb%e5%8a%a8%e9%a1%b9%e7%9b%ae%e5%85%ac%e5%bc%80%e6%8b%9b%e5%8b%9f%e6%bd%9c%e5%9c%a8%e4%be%9b%e5%ba%94%e5%95%86%e7%bb%93%e6%9e%9c%e5%85%ac%e7%a4%ba.htm> (referer: http://www.gd.icbc.com.cn/icbc/%e9%9d%92%e6%b5%b7%e5%88%86%e8%a1%8c/%e6%9c%80%e6%96%b0%e4%b8%9a%e5%8a%a1/%e9%9b%86%e4%b8%ad%e9%87%87%e8%b4%ad%e4%bf%a1%e6%81%af%e5%85%ac%e5%bc%80/default.htm)
2022-06-14 10:17:59,840 - engine.py[line:291] - DEBUG: Crawled (200) <GET http://www.gd.icbc.com.cn/icbc/%e9%9d%92%e6%b5%b7%e5%88%86%e8%a1%8c/%e6%9c%80%e6%96%b0%e4%b8%9a%e5%8a%a1/%e9%9b%86%e4%b8%ad%e9%87%87%e8%b4%ad%e4%bf%a1%e6%81%af%e5%85%ac%e5%bc%80/%e4%b8%ad%e5%9b%bd%e5%b7%a5%e5%95%86%e9%93%b6%e8%a1%8c%e9%9d%92%e6%b5%b7%e7%9c%81%e5%88%86%e8%a1%8c%e9%a3%9f%e5%a0%82%e8%ae%be%e5%a4%87%e9%a1%b9%e7%9b%ae%e5%85%ac%e5%bc%80%e6%8b%9b%e5%8b%9f%e6%bd%9c%e5%9c%a8%e4%be%9b%e5%ba%94%e5%95%86%e7%bb%93%e6%9e%9c%e5%85%ac%e7%a4%ba.htm> (referer: http://www.gd.icbc.com.cn/icbc/%e9%9d%92%e6%b5%b7%e5%88%86%e8%a1%8c/%e6%9c%80%e6%96%b0%e4%b8%9a%e5%8a%a1/%e9%9b%86%e4%b8%ad%e9%87%87%e8%b4%ad%e4%bf%a1%e6%81%af%e5%85%ac%e5%bc%80/default.htm)
2022-06-14 10:18:00,230 - engine.py[line:291] - DEBUG: Crawled (200) <GET http://www.gd.icbc.com.cn/icbc/%e9%9d%92%e6%b5%b7%e5%88%86%e8%a1%8c/%e6%9c%80%e6%96%b0%e4%b8%9a%e5%8a%a1/%e9%9b%86%e4%b8%ad%e9%87%87%e8%b4%ad%e4%bf%a1%e6%81%af%e5%85%ac%e5%bc%80/%e5%85%b3%e4%ba%8e%e4%b8%ad%e5%9b%bd%e5%b7%a5%e5%95%86%e9%93%b6%e8%a1%8c%e9%9d%92%e6%b5%b7%e7%9c%81%e5%88%86%e8%a1%8c%e5%85%a8%e8%be%96%e9%a9%bb%e7%82%b9%e4%bf%9d%e5%ae%89%e9%a1%b9%e7%9b%ae%e5%85%ac%e5%bc%80%e6%8b%9b%e5%8b%9f%e6%bd%9c%e5%9c%a8%e4%be%9b%e5%ba%94%e5%95%86%e7%9a%84%e5%85%ac%e5%91%8a.htm> (referer: http://www.gd.icbc.com.cn/icbc/%e9%9d%92%e6%b5%b7%e5%88%86%e8%a1%8c/%e6%9c%80%e6%96%b0%e4%b8%9a%e5%8a%a1/%e9%9b%86%e4%b8%ad%e9%87%87%e8%b4%ad%e4%bf%a1%e6%81%af%e5%85%ac%e5%bc%80/default.htm)
2022-06-14 10:18:00,672 - engine.py[line:291] - DEBUG: Crawled (200) <GET http://www.gd.icbc.com.cn/icbc/%e9%9d%92%e6%b5%b7%e5%88%86%e8%a1%8c/%e6%9c%80%e6%96%b0%e4%b8%9a%e5%8a%a1/%e9%9b%86%e4%b8%ad%e9%87%87%e8%b4%ad%e4%bf%a1%e6%81%af%e5%85%ac%e5%bc%80/%e5%85%b3%e4%ba%8e%e4%b8%ad%e5%9b%bd%e5%b7%a5%e5%95%86%e9%93%b6%e8%a1%8c%e9%9d%92%e6%b5%b7%e7%9c%81%e5%88%86%e8%a1%8c%e4%bf%9d%e7%ae%a1%e7%ae%b1%e9%a1%b9%e7%9b%ae%e5%85%ac%e5%bc%80%e6%8b%9b%e5%8b%9f%e6%bd%9c%e5%9c%a8%e4%be%9b%e5%ba%94%e5%95%86%e7%9a%84%e5%85%ac%e5%91%8a.htm> (referer: http://www.gd.icbc.com.cn/icbc/%e9%9d%92%e6%b5%b7%e5%88%86%e8%a1%8c/%e6%9c%80%e6%96%b0%e4%b8%9a%e5%8a%a1/%e9%9b%86%e4%b8%ad%e9%87%87%e8%b4%ad%e4%bf%a1%e6%81%af%e5%85%ac%e5%bc%80/default.htm)
2022-06-14 10:18:00,840 - engine.py[line:291] - DEBUG: Crawled (200) <GET http://www.gd.icbc.com.cn/icbc/%e9%9d%92%e6%b5%b7%e5%88%86%e8%a1%8c/%e6%9c%80%e6%96%b0%e4%b8%9a%e5%8a%a1/%e9%9b%86%e4%b8%ad%e9%87%87%e8%b4%ad%e4%bf%a1%e6%81%af%e5%85%ac%e5%bc%80/%e5%85%b3%e4%ba%8e%e4%b8%ad%e5%9b%bd%e5%b7%a5%e5%95%86%e9%93%b6%e8%a1%8c%e9%9d%92%e6%b5%b7%e7%9c%81%e5%88%86%e8%a1%8c%e5%ae%a2%e6%88%b7%e6%9c%8d%e5%8a%a1%e9%a1%b9%e7%9b%ae%e5%85%ac%e5%bc%80%e6%8b%9b%e5%8b%9f%e6%bd%9c%e5%9c%a8%e4%be%9b%e5%ba%94%e5%95%86%e7%9a%84%e5%85%ac%e5%91%8a.htm> (referer: http://www.gd.icbc.com.cn/icbc/%e9%9d%92%e6%b5%b7%e5%88%86%e8%a1%8c/%e6%9c%80%e6%96%b0%e4%b8%9a%e5%8a%a1/%e9%9b%86%e4%b8%ad%e9%87%87%e8%b4%ad%e4%bf%a1%e6%81%af%e5%85%ac%e5%bc%80/default.htm)
2022-06-14 10:18:01,269 - engine.py[line:291] - DEBUG: Crawled (200) <GET http://www.gd.icbc.com.cn/icbc/%e9%9d%92%e6%b5%b7%e5%88%86%e8%a1%8c/%e6%9c%80%e6%96%b0%e4%b8%9a%e5%8a%a1/%e9%9b%86%e4%b8%ad%e9%87%87%e8%b4%ad%e4%bf%a1%e6%81%af%e5%85%ac%e5%bc%80/%e5%85%b3%e4%ba%8e%e4%b8%ad%e5%9b%bd%e5%b7%a5%e5%95%86%e9%93%b6%e8%a1%8c%e9%9d%92%e6%b5%b7%e7%9c%81%e5%88%86%e8%a1%8c%e5%85%a8%e8%be%96%e9%a9%bb%e7%82%b9%e4%bf%9d%e5%ae%89%e9%a1%b9%e7%9b%ae%e5%85%ac%e5%bc%80%e6%8b%9b%e5%8b%9f%e6%bd%9c%e5%9c%a8%e4%be%9b%e5%ba%94%e5%95%86%e7%bb%93%e6%9e%9c%e5%85%ac%e7%a4%ba.htm> (referer: http://www.gd.icbc.com.cn/icbc/%e9%9d%92%e6%b5%b7%e5%88%86%e8%a1%8c/%e6%9c%80%e6%96%b0%e4%b8%9a%e5%8a%a1/%e9%9b%86%e4%b8%ad%e9%87%87%e8%b4%ad%e4%bf%a1%e6%81%af%e5%85%ac%e5%bc%80/default.htm)
2022-06-14 10:18:01,408 - engine.py[line:291] - DEBUG: Crawled (200) <GET http://www.gd.icbc.com.cn/icbc/%e9%9d%92%e6%b5%b7%e5%88%86%e8%a1%8c/%e6%9c%80%e6%96%b0%e4%b8%9a%e5%8a%a1/%e9%9b%86%e4%b8%ad%e9%87%87%e8%b4%ad%e4%bf%a1%e6%81%af%e5%85%ac%e5%bc%80/%e4%b8%ad%e5%9b%bd%e5%b7%a5%e5%95%86%e9%93%b6%e8%a1%8c%e9%9d%92%e6%b5%b7%e7%9c%81%e5%88%86%e8%a1%8c%e4%bf%9d%e7%ae%a1%e7%ae%b1%e9%a1%b9%e7%9b%ae%e5%85%ac%e5%bc%80%e6%8b%9b%e5%8b%9f%e6%bd%9c%e5%9c%a8%e4%be%9b%e5%ba%94%e5%95%86%e7%bb%93%e6%9e%9c%e5%85%ac%e7%a4%ba.htm> (referer: http://www.gd.icbc.com.cn/icbc/%e9%9d%92%e6%b5%b7%e5%88%86%e8%a1%8c/%e6%9c%80%e6%96%b0%e4%b8%9a%e5%8a%a1/%e9%9b%86%e4%b8%ad%e9%87%87%e8%b4%ad%e4%bf%a1%e6%81%af%e5%85%ac%e5%bc%80/default.htm)
2022-06-14 10:18:01,526 - scraper.py[line:173] - ERROR: Spider error processing <GET http://www.gd.icbc.com.cn/icbc/%e9%9d%92%e6%b5%b7%e5%88%86%e8%a1%8c/%e6%9c%80%e6%96%b0%e4%b8%9a%e5%8a%a1/%e9%9b%86%e4%b8%ad%e9%87%87%e8%b4%ad%e4%bf%a1%e6%81%af%e5%85%ac%e5%bc%80/%e4%b8%ad%e5%9b%bd%e5%b7%a5%e5%95%86%e9%93%b6%e8%a1%8c%e9%9d%92%e6%b5%b7%e7%9c%81%e5%88%86%e8%a1%8c%e4%bf%9d%e7%ae%a1%e7%ae%b1%e9%a1%b9%e7%9b%ae%e5%85%ac%e5%bc%80%e6%8b%9b%e5%8b%9f%e6%bd%9c%e5%9c%a8%e4%be%9b%e5%ba%94%e5%95%86%e7%bb%93%e6%9e%9c%e5%85%ac%e7%a4%ba.htm> (referer: http://www.gd.icbc.com.cn/icbc/%e9%9d%92%e6%b5%b7%e5%88%86%e8%a1%8c/%e6%9c%80%e6%96%b0%e4%b8%9a%e5%8a%a1/%e9%9b%86%e4%b8%ad%e9%87%87%e8%b4%ad%e4%bf%a1%e6%81%af%e5%85%ac%e5%bc%80/default.htm)
Traceback (most recent call last):
  File "d:\project\venv\lib\site-packages\scrapy\utils\defer.py", line 132, in iter_errback
    yield next(it)
  File "d:\project\venv\lib\site-packages\scrapy\utils\python.py", line 354, in __next__
    return next(self.data)
  File "d:\project\venv\lib\site-packages\scrapy\utils\python.py", line 354, in __next__
    return next(self.data)
  File "d:\project\venv\lib\site-packages\scrapy\core\spidermw.py", line 66, in _evaluate_iterable
    for r in iterable:
  File "d:\project\venv\lib\site-packages\scrapy\spidermiddlewares\offsite.py", line 29, in process_spider_output
    for x in result:
  File "d:\project\venv\lib\site-packages\scrapy\core\spidermw.py", line 66, in _evaluate_iterable
    for r in iterable:
  File "d:\project\venv\lib\site-packages\scrapy\spidermiddlewares\referer.py", line 342, in <genexpr>
    return (_set_referer(r) for r in result or ())
  File "d:\project\venv\lib\site-packages\scrapy\core\spidermw.py", line 66, in _evaluate_iterable
    for r in iterable:
  File "d:\project\venv\lib\site-packages\scrapy\spidermiddlewares\urllength.py", line 40, in <genexpr>
    return (r for r in result or () if _filter(r))
  File "d:\project\venv\lib\site-packages\scrapy\core\spidermw.py", line 66, in _evaluate_iterable
    for r in iterable:
  File "d:\project\venv\lib\site-packages\scrapy\spidermiddlewares\depth.py", line 58, in <genexpr>
    return (r for r in result or () if _filter(r))
  File "d:\project\venv\lib\site-packages\scrapy\core\spidermw.py", line 66, in _evaluate_iterable
    for r in iterable:
  File "D:\Te\Teng\Qinghai\Qinghai\spiders\icbc.py", line 66, in parse_info
    pub_time = re.findall('\\d{4}-\\d{2}-\\d{2}', pub_time)[0]
  File "C:\Users\12895\AppData\Local\Programs\Python\Python39\lib\re.py", line 241, in findall
    return _compile(pattern, flags).findall(string)
TypeError: expected string or bytes-like object
2022-06-14 10:18:01,717 - engine.py[line:291] - DEBUG: Crawled (200) <GET http://www.gd.icbc.com.cn/icbc/%e9%9d%92%e6%b5%b7%e5%88%86%e8%a1%8c/%e6%9c%80%e6%96%b0%e4%b8%9a%e5%8a%a1/%e9%9b%86%e4%b8%ad%e9%87%87%e8%b4%ad%e4%bf%a1%e6%81%af%e5%85%ac%e5%bc%80/%e5%85%b3%e4%ba%8e%e4%b8%ad%e5%9b%bd%e5%b7%a5%e5%95%86%e9%93%b6%e8%a1%8c%e9%9d%92%e6%b5%b7%e7%9c%81%e5%88%86%e8%a1%8c%e5%ae%a3%e4%bc%a0%e8%90%a5%e9%94%80%e7%94%a8%e5%93%81%e5%ae%9a%e7%82%b9%e4%be%9b%e5%ba%94%e9%a1%b9%e7%9b%ae%e5%85%ac%e5%bc%80%e6%8b%9b%e5%8b%9f%e6%bd%9c%e5%9c%a8%e4%be%9b%e5%ba%94%e5%95%86%e7%9a%84%e5%85%ac%e5%91%8a.htm> (referer: http://www.gd.icbc.com.cn/icbc/%e9%9d%92%e6%b5%b7%e5%88%86%e8%a1%8c/%e6%9c%80%e6%96%b0%e4%b8%9a%e5%8a%a1/%e9%9b%86%e4%b8%ad%e9%87%87%e8%b4%ad%e4%bf%a1%e6%81%af%e5%85%ac%e5%bc%80/default.htm)
2022-06-14 10:18:02,157 - engine.py[line:291] - DEBUG: Crawled (200) <GET http://www.gd.icbc.com.cn/icbc/%e9%9d%92%e6%b5%b7%e5%88%86%e8%a1%8c/%e6%9c%80%e6%96%b0%e4%b8%9a%e5%8a%a1/%e9%9b%86%e4%b8%ad%e9%87%87%e8%b4%ad%e4%bf%a1%e6%81%af%e5%85%ac%e5%bc%80/%e5%85%b3%e4%ba%8e%e4%b8%ad%e5%9b%bd%e5%b7%a5%e5%95%86%e9%93%b6%e8%a1%8c%e9%9d%92%e6%b5%b7%e7%9c%81%e5%88%86%e8%a1%8c%e9%9d%9e%e5%87%ad%e8%af%81%e7%b1%bb%e5%8d%b0%e5%88%b7%e5%93%81%e5%ae%9a%e7%82%b9%e4%be%9b%e5%ba%94%e9%a1%b9%e7%9b%ae%e5%85%ac%e5%bc%80%e6%8b%9b%e5%8b%9f%e6%bd%9c%e5%9c%a8%e4%be%9b%e5%ba%94%e5%95%86%e7%9a%84%e5%85%ac%e5%91%8a.htm> (referer: http://www.gd.icbc.com.cn/icbc/%e9%9d%92%e6%b5%b7%e5%88%86%e8%a1%8c/%e6%9c%80%e6%96%b0%e4%b8%9a%e5%8a%a1/%e9%9b%86%e4%b8%ad%e9%87%87%e8%b4%ad%e4%bf%a1%e6%81%af%e5%85%ac%e5%bc%80/default.htm)
2022-06-14 10:18:02,452 - engine.py[line:291] - DEBUG: Crawled (200) <GET http://www.gd.icbc.com.cn/icbc/%e9%9d%92%e6%b5%b7%e5%88%86%e8%a1%8c/%e6%9c%80%e6%96%b0%e4%b8%9a%e5%8a%a1/%e9%9b%86%e4%b8%ad%e9%87%87%e8%b4%ad%e4%bf%a1%e6%81%af%e5%85%ac%e5%bc%80/%e5%85%b3%e4%ba%8e%e4%b8%ad%e5%9b%bd%e5%b7%a5%e5%95%86%e9%93%b6%e8%a1%8c%e9%9d%92%e6%b5%b7%e7%9c%81%e5%88%86%e8%a1%8c%e5%b9%bf%e5%91%8a%e5%ae%a3%e4%bc%a0%e5%8f%8a%e4%b8%9a%e5%8a%a1%e8%90%a5%e9%94%80%e5%ae%a3%e4%bc%a0%e6%b4%bb%e5%8a%a8%e7%ad%96%e5%88%92%e9%a1%b9%e7%9b%ae%e5%85%ac%e5%bc%80%e6%8b%9b%e5%8b%9f%e6%bd%9c%e5%9c%a8%e4%be%9b%e5%ba%94%e5%95%86%e7%9a%84%e5%85%ac%e5%91%8a.htm> (referer: http://www.gd.icbc.com.cn/icbc/%e9%9d%92%e6%b5%b7%e5%88%86%e8%a1%8c/%e6%9c%80%e6%96%b0%e4%b8%9a%e5%8a%a1/%e9%9b%86%e4%b8%ad%e9%87%87%e8%b4%ad%e4%bf%a1%e6%81%af%e5%85%ac%e5%bc%80/default.htm)
2022-06-14 10:18:02,806 - engine.py[line:291] - DEBUG: Crawled (200) <GET http://www.gd.icbc.com.cn/icbc/%e9%9d%92%e6%b5%b7%e5%88%86%e8%a1%8c/%e6%9c%80%e6%96%b0%e4%b8%9a%e5%8a%a1/%e9%9b%86%e4%b8%ad%e9%87%87%e8%b4%ad%e4%bf%a1%e6%81%af%e5%85%ac%e5%bc%80/%e5%85%b3%e4%ba%8e%e4%b8%ad%e5%9b%bd%e5%b7%a5%e5%95%86%e9%93%b6%e8%a1%8c%e9%9d%92%e6%b5%b7%e7%9c%81%e5%88%86%e8%a1%8c%e5%b7%a5%e7%a8%8b%e4%be%9b%e5%ba%94%e5%95%86%e8%b5%84%e6%a0%bc%e8%af%84%e5%ae%a1%e9%a1%b9%e7%9b%ae%e5%85%ac%e5%bc%80%e6%8b%9b%e5%8b%9f%e6%bd%9c%e5%9c%a8%e4%be%9b%e5%ba%94%e5%95%86%e7%9a%84%e5%85%ac%e5%91%8a.htm> (referer: http://www.gd.icbc.com.cn/icbc/%e9%9d%92%e6%b5%b7%e5%88%86%e8%a1%8c/%e6%9c%80%e6%96%b0%e4%b8%9a%e5%8a%a1/%e9%9b%86%e4%b8%ad%e9%87%87%e8%b4%ad%e4%bf%a1%e6%81%af%e5%85%ac%e5%bc%80/default.htm)
2022-06-14 10:18:03,110 - engine.py[line:291] - DEBUG: Crawled (200) <GET http://www.gd.icbc.com.cn/icbc/%e9%9d%92%e6%b5%b7%e5%88%86%e8%a1%8c/%e6%9c%80%e6%96%b0%e4%b8%9a%e5%8a%a1/%e9%9b%86%e4%b8%ad%e9%87%87%e8%b4%ad%e4%bf%a1%e6%81%af%e5%85%ac%e5%bc%80/%e5%85%b3%e4%ba%8e%e4%b8%ad%e5%9b%bd%e5%b7%a5%e5%95%86%e9%93%b6%e8%a1%8c%e9%9d%92%e6%b5%b7%e7%9c%81%e5%88%86%e8%a1%8c%e5%ae%a3%e4%bc%a0%e8%90%a5%e9%94%80%e7%94%a8%e5%93%81%e5%ae%9a%e7%82%b9%e4%be%9b%e5%ba%94%e9%a1%b9%e7%9b%ae%e5%85%ac%e5%bc%80%e6%8b%9b%e5%8b%9f%e6%bd%9c%e5%9c%a8%e4%be%9b%e5%ba%94%e5%95%86%e7%9a%84%e5%85%ac%e7%a4%ba.htm> (referer: http://www.gd.icbc.com.cn/icbc/%e9%9d%92%e6%b5%b7%e5%88%86%e8%a1%8c/%e6%9c%80%e6%96%b0%e4%b8%9a%e5%8a%a1/%e9%9b%86%e4%b8%ad%e9%87%87%e8%b4%ad%e4%bf%a1%e6%81%af%e5%85%ac%e5%bc%80/default.htm)
2022-06-14 10:18:03,520 - engine.py[line:291] - DEBUG: Crawled (200) <GET http://www.gd.icbc.com.cn/icbc/%e9%9d%92%e6%b5%b7%e5%88%86%e8%a1%8c/%e6%9c%80%e6%96%b0%e4%b8%9a%e5%8a%a1/%e9%9b%86%e4%b8%ad%e9%87%87%e8%b4%ad%e4%bf%a1%e6%81%af%e5%85%ac%e5%bc%80/%e5%85%b3%e4%ba%8e%e4%b8%ad%e5%9b%bd%e5%b7%a5%e5%95%86%e9%93%b6%e8%a1%8c%e9%9d%92%e6%b5%b7%e7%9c%81%e5%88%86%e8%a1%8c%e5%b9%bf%e5%91%8a%e5%ae%a3%e4%bc%a0%e5%8f%8a%e4%b8%9a%e5%8a%a1%e8%90%a5%e9%94%80%e5%ae%a3%e4%bc%a0%e6%b4%bb%e5%8a%a8%e7%ad%96%e5%88%92%e9%a1%b9%e7%9b%ae%e5%85%ac%e5%bc%80%e6%8b%9b%e5%8b%9f%e6%bd%9c%e5%9c%a8%e4%be%9b%e5%ba%94%e5%95%86%e7%9a%84%e5%85%ac%e7%a4%ba.htm> (referer: http://www.gd.icbc.com.cn/icbc/%e9%9d%92%e6%b5%b7%e5%88%86%e8%a1%8c/%e6%9c%80%e6%96%b0%e4%b8%9a%e5%8a%a1/%e9%9b%86%e4%b8%ad%e9%87%87%e8%b4%ad%e4%bf%a1%e6%81%af%e5%85%ac%e5%bc%80/default.htm)
2022-06-14 10:18:03,957 - engine.py[line:291] - DEBUG: Crawled (200) <GET http://www.gd.icbc.com.cn/icbc/%e9%9d%92%e6%b5%b7%e5%88%86%e8%a1%8c/%e6%9c%80%e6%96%b0%e4%b8%9a%e5%8a%a1/%e9%9b%86%e4%b8%ad%e9%87%87%e8%b4%ad%e4%bf%a1%e6%81%af%e5%85%ac%e5%bc%80/%e5%85%b3%e4%ba%8e%e4%b8%ad%e5%9b%bd%e5%b7%a5%e5%95%86%e9%93%b6%e8%a1%8c%e9%9d%92%e6%b5%b7%e7%9c%81%e5%88%86%e8%a1%8c%e9%9d%9e%e5%87%ad%e8%af%81%e7%b1%bb%e5%8d%b0%e5%88%b7%e5%93%81%e5%ae%9a%e7%82%b9%e4%be%9b%e5%ba%94%e9%a1%b9%e7%9b%ae%e5%85%ac%e5%bc%80%e6%8b%9b%e5%8b%9f%e6%bd%9c%e5%9c%a8%e4%be%9b%e5%ba%94%e5%95%86%e7%9a%84%e5%85%ac%e7%a4%ba.htm> (referer: http://www.gd.icbc.com.cn/icbc/%e9%9d%92%e6%b5%b7%e5%88%86%e8%a1%8c/%e6%9c%80%e6%96%b0%e4%b8%9a%e5%8a%a1/%e9%9b%86%e4%b8%ad%e9%87%87%e8%b4%ad%e4%bf%a1%e6%81%af%e5%85%ac%e5%bc%80/default.htm)
2022-06-14 10:18:04,465 - engine.py[line:291] - DEBUG: Crawled (200) <GET http://www.gd.icbc.com.cn/icbc/%e9%9d%92%e6%b5%b7%e5%88%86%e8%a1%8c/%e6%9c%80%e6%96%b0%e4%b8%9a%e5%8a%a1/%e9%9b%86%e4%b8%ad%e9%87%87%e8%b4%ad%e4%bf%a1%e6%81%af%e5%85%ac%e5%bc%80/%e5%85%b3%e4%ba%8e%e4%b8%ad%e5%9b%bd%e5%b7%a5%e5%95%86%e9%93%b6%e8%a1%8c%e9%9d%92%e6%b5%b7%e7%9c%81%e5%88%86%e8%a1%8c%e9%9d%9e%e5%87%ad%e8%af%81%e7%b1%bb%e5%8d%b0%e5%88%b7%e5%93%81%e5%ae%9a%e7%82%b9%e4%be%9b%e5%ba%94%e9%a1%b9%e7%9b%ae%e5%85%ac%e5%bc%80%e6%8b%9b%e5%8b%9f%e6%bd%9c%e5%9c%a8%e4%be%9b%e5%ba%94%e5%95%86%e7%9a%84%e5%85%ac%e7%a4%ba%e6%9b%b4%e6%ad%a3.htm> (referer: http://www.gd.icbc.com.cn/icbc/%e9%9d%92%e6%b5%b7%e5%88%86%e8%a1%8c/%e6%9c%80%e6%96%b0%e4%b8%9a%e5%8a%a1/%e9%9b%86%e4%b8%ad%e9%87%87%e8%b4%ad%e4%bf%a1%e6%81%af%e5%85%ac%e5%bc%80/default.htm)
2022-06-14 10:18:04,582 - engine.py[line:358] - INFO: Closing spider (finished)
2022-06-14 10:18:04,583 - statscollectors.py[line:46] - INFO: Dumping Scrapy stats:
{'downloader/request_bytes': 24306,
 'downloader/request_count': 26,
 'downloader/request_method_count/GET': 26,
 'downloader/response_bytes': 351197,
 'downloader/response_count': 26,
 'downloader/response_status_count/200': 26,
 'elapsed_time_seconds': 9.340137,
 'finish_reason': 'finished',
 'finish_time': datetime.datetime(2022, 6, 14, 2, 18, 4, 582855),
 'httpcompression/response_bytes': 3329256,
 'httpcompression/response_count': 26,
 'log_count/DEBUG': 27,
 'log_count/ERROR': 1,
 'log_count/INFO': 10,
 'request_depth_max': 1,
 'response_received_count': 26,
 'scheduler/dequeued': 26,
 'scheduler/dequeued/memory': 26,
 'scheduler/enqueued': 26,
 'scheduler/enqueued/memory': 26,
 'spider_exceptions/TypeError': 1,
 'start_time': datetime.datetime(2022, 6, 14, 2, 17, 55, 242718)}
2022-06-14 10:18:04,583 - engine.py[line:385] - INFO: Spider closed (finished)
