2022-06-13 19:25:27,266 - middleware.py[line:51] - INFO: Enabled downloader middlewares:
['Qinghai.middlewares.RandomUserAgentMiddleware',
 'scrapy.downloadermiddlewares.httpauth.HttpAuthMiddleware',
 'scrapy.downloadermiddlewares.downloadtimeout.DownloadTimeoutMiddleware',
 'scrapy.downloadermiddlewares.defaultheaders.DefaultHeadersMiddleware',
 'scrapy.downloadermiddlewares.useragent.UserAgentMiddleware',
 'scrapy.downloadermiddlewares.retry.RetryMiddleware',
 'scrapy.downloadermiddlewares.redirect.MetaRefreshMiddleware',
 'scrapy.downloadermiddlewares.httpcompression.HttpCompressionMiddleware',
 'scrapy.downloadermiddlewares.redirect.RedirectMiddleware',
 'scrapy.downloadermiddlewares.cookies.CookiesMiddleware',
 'scrapy.downloadermiddlewares.httpproxy.HttpProxyMiddleware',
 'scrapy.downloadermiddlewares.stats.DownloaderStats']
2022-06-13 19:25:27,269 - middleware.py[line:51] - INFO: Enabled spider middlewares:
['scrapy.spidermiddlewares.httperror.HttpErrorMiddleware',
 'scrapy.spidermiddlewares.offsite.OffsiteMiddleware',
 'scrapy.spidermiddlewares.referer.RefererMiddleware',
 'scrapy.spidermiddlewares.urllength.UrlLengthMiddleware',
 'scrapy.spidermiddlewares.depth.DepthMiddleware']
2022-06-13 19:25:27,269 - middleware.py[line:51] - INFO: Enabled item pipelines:
['Qinghai.pipelines.QinghaiPipeline']
2022-06-13 19:25:27,269 - engine.py[line:313] - INFO: Spider opened
2022-06-13 19:25:27,469 - logstats.py[line:48] - INFO: Crawled 0 pages (at 0 pages/min), scraped 0 items (at 0 items/min)
2022-06-13 19:25:27,469 - telnet.py[line:67] - INFO: Telnet console listening on 127.0.0.1:6023
2022-06-13 19:25:27,563 - engine.py[line:291] - DEBUG: Crawled (200) <GET http://www.gsei.com.cn/html/1337/> (referer: None)
2022-06-13 19:25:28,113 - engine.py[line:291] - DEBUG: Crawled (200) <GET http://www.gsei.com.cn/html/1337/list-3.html> (referer: None)
2022-06-13 19:25:28,160 - engine.py[line:291] - DEBUG: Crawled (200) <GET http://www.gsei.com.cn/html/1337/list-2.html> (referer: None)
2022-06-13 19:25:28,490 - engine.py[line:291] - DEBUG: Crawled (200) <GET http://www.gsei.com.cn/html/1336/> (referer: None)
2022-06-13 19:25:28,897 - engine.py[line:291] - DEBUG: Crawled (200) <GET http://www.gsei.com.cn/html/1336/list-2.html> (referer: None)
2022-06-13 19:25:29,242 - engine.py[line:291] - DEBUG: Crawled (200) <GET http://www.gsei.com.cn/html/1336/list-3.html> (referer: None)
2022-06-13 19:25:29,807 - engine.py[line:291] - DEBUG: Crawled (200) <GET http://www.gsei.com.cn/html/1663/list-2.html> (referer: None)
2022-06-13 19:25:29,823 - engine.py[line:291] - DEBUG: Crawled (200) <GET http://www.gsei.com.cn/html/1663/> (referer: None)
2022-06-13 19:25:30,217 - engine.py[line:291] - DEBUG: Crawled (200) <GET http://www.gsei.com.cn/html/1663/list-3.html> (referer: None)
2022-06-13 19:25:30,656 - engine.py[line:291] - DEBUG: Crawled (200) <GET http://www.gsei.com.cn/html/1662/> (referer: None)
2022-06-13 19:25:30,975 - engine.py[line:291] - DEBUG: Crawled (200) <GET http://www.gsei.com.cn/html/1662/list-2.html> (referer: None)
2022-06-13 19:25:31,253 - engine.py[line:291] - DEBUG: Crawled (200) <GET http://www.gsei.com.cn/html/1662/list-3.html> (referer: None)
2022-06-13 19:25:31,582 - engine.py[line:291] - DEBUG: Crawled (404) <GET http://www.gsei.com.cn/html/1164/> (referer: None)
2022-06-13 19:25:31,692 - httperror.py[line:53] - INFO: Ignoring response <404 http://www.gsei.com.cn/html/1164/>: HTTP status code is not handled or not allowed
2022-06-13 19:25:31,911 - engine.py[line:291] - DEBUG: Crawled (404) <GET http://www.gsei.com.cn/html/1164/list-2.html> (referer: None)
2022-06-13 19:25:32,021 - httperror.py[line:53] - INFO: Ignoring response <404 http://www.gsei.com.cn/html/1164/list-2.html>: HTTP status code is not handled or not allowed
2022-06-13 19:25:32,256 - engine.py[line:291] - DEBUG: Crawled (404) <GET http://www.gsei.com.cn/html/1164/list-3.html> (referer: None)
2022-06-13 19:25:32,366 - httperror.py[line:53] - INFO: Ignoring response <404 http://www.gsei.com.cn/html/1164/list-3.html>: HTTP status code is not handled or not allowed
2022-06-13 19:25:32,664 - engine.py[line:291] - DEBUG: Crawled (404) <GET http://www.gsei.com.cn/html/1157/> (referer: None)
2022-06-13 19:25:32,773 - httperror.py[line:53] - INFO: Ignoring response <404 http://www.gsei.com.cn/html/1157/>: HTTP status code is not handled or not allowed
2022-06-13 19:25:32,946 - engine.py[line:291] - DEBUG: Crawled (404) <GET http://www.gsei.com.cn/html/1157/list-2.html> (referer: None)
2022-06-13 19:25:33,056 - httperror.py[line:53] - INFO: Ignoring response <404 http://www.gsei.com.cn/html/1157/list-2.html>: HTTP status code is not handled or not allowed
2022-06-13 19:25:33,385 - engine.py[line:291] - DEBUG: Crawled (200) <GET http://www.gsei.com.cn/html/1337/2022-06-13/content-380540.html> (referer: http://www.gsei.com.cn/html/1337/)
2022-06-13 19:25:33,495 - scraper.py[line:275] - DEBUG: Scraped from <200 http://www.gsei.com.cn/html/1337/2022-06-13/content-380540.html>
None
2022-06-13 19:25:33,809 - engine.py[line:291] - DEBUG: Crawled (200) <GET http://www.gsei.com.cn/html/1337/2022-06-13/content-380545.html> (referer: http://www.gsei.com.cn/html/1337/)
2022-06-13 19:25:33,919 - scraper.py[line:275] - DEBUG: Scraped from <200 http://www.gsei.com.cn/html/1337/2022-06-13/content-380545.html>
None
2022-06-13 19:25:33,997 - engine.py[line:291] - DEBUG: Crawled (200) <GET http://www.gsei.com.cn/html/1337/2022-06-13/content-380447.html> (referer: http://www.gsei.com.cn/html/1337/list-2.html)
2022-06-13 19:25:34,138 - scraper.py[line:275] - DEBUG: Scraped from <200 http://www.gsei.com.cn/html/1337/2022-06-13/content-380447.html>
None
