2022-06-13 19:24:44,422 - middleware.py[line:51] - INFO: Enabled downloader middlewares:
['Qinghai.middlewares.RandomUserAgentMiddleware',
 'scrapy.downloadermiddlewares.httpauth.HttpAuthMiddleware',
 'scrapy.downloadermiddlewares.downloadtimeout.DownloadTimeoutMiddleware',
 'scrapy.downloadermiddlewares.defaultheaders.DefaultHeadersMiddleware',
 'scrapy.downloadermiddlewares.useragent.UserAgentMiddleware',
 'scrapy.downloadermiddlewares.retry.RetryMiddleware',
 'scrapy.downloadermiddlewares.redirect.MetaRefreshMiddleware',
 'scrapy.downloadermiddlewares.httpcompression.HttpCompressionMiddleware',
 'scrapy.downloadermiddlewares.redirect.RedirectMiddleware',
 'scrapy.downloadermiddlewares.cookies.CookiesMiddleware',
 'scrapy.downloadermiddlewares.httpproxy.HttpProxyMiddleware',
 'scrapy.downloadermiddlewares.stats.DownloaderStats']
2022-06-13 19:24:44,422 - middleware.py[line:51] - INFO: Enabled spider middlewares:
['scrapy.spidermiddlewares.httperror.HttpErrorMiddleware',
 'scrapy.spidermiddlewares.offsite.OffsiteMiddleware',
 'scrapy.spidermiddlewares.referer.RefererMiddleware',
 'scrapy.spidermiddlewares.urllength.UrlLengthMiddleware',
 'scrapy.spidermiddlewares.depth.DepthMiddleware']
2022-06-13 19:24:44,422 - middleware.py[line:51] - INFO: Enabled item pipelines:
['Qinghai.pipelines.QinghaiPipeline']
2022-06-13 19:24:44,422 - engine.py[line:313] - INFO: Spider opened
2022-06-13 19:24:44,626 - logstats.py[line:48] - INFO: Crawled 0 pages (at 0 pages/min), scraped 0 items (at 0 items/min)
2022-06-13 19:24:44,626 - telnet.py[line:67] - INFO: Telnet console listening on 127.0.0.1:6023
2022-06-13 19:24:44,752 - engine.py[line:291] - DEBUG: Crawled (200) <GET http://www.gsei.com.cn/html/1337/> (referer: None)
2022-06-13 19:24:44,955 - engine.py[line:291] - DEBUG: Crawled (200) <GET http://www.gsei.com.cn/html/1337/list-2.html> (referer: None)
2022-06-13 19:24:45,285 - engine.py[line:291] - DEBUG: Crawled (200) <GET http://www.gsei.com.cn/html/1337/list-3.html> (referer: None)
2022-06-13 19:24:45,724 - engine.py[line:291] - DEBUG: Crawled (200) <GET http://www.gsei.com.cn/html/1336/> (referer: None)
2022-06-13 19:24:45,991 - engine.py[line:291] - DEBUG: Crawled (200) <GET http://www.gsei.com.cn/html/1336/list-2.html> (referer: None)
2022-06-13 19:24:46,446 - engine.py[line:291] - DEBUG: Crawled (200) <GET http://www.gsei.com.cn/html/1336/list-3.html> (referer: None)
2022-06-13 19:24:46,791 - engine.py[line:291] - DEBUG: Crawled (200) <GET http://www.gsei.com.cn/html/1663/> (referer: None)
2022-06-13 19:24:47,152 - engine.py[line:291] - DEBUG: Crawled (200) <GET http://www.gsei.com.cn/html/1663/list-2.html> (referer: None)
2022-06-13 19:24:47,497 - engine.py[line:291] - DEBUG: Crawled (200) <GET http://www.gsei.com.cn/html/1663/list-3.html> (referer: None)
2022-06-13 19:24:47,858 - engine.py[line:291] - DEBUG: Crawled (200) <GET http://www.gsei.com.cn/html/1662/> (referer: None)
2022-06-13 19:24:48,234 - engine.py[line:291] - DEBUG: Crawled (200) <GET http://www.gsei.com.cn/html/1662/list-2.html> (referer: None)
2022-06-13 19:24:48,673 - engine.py[line:291] - DEBUG: Crawled (200) <GET http://www.gsei.com.cn/html/1662/list-3.html> (referer: None)
2022-06-13 19:24:49,092 - engine.py[line:291] - DEBUG: Crawled (404) <GET http://www.gsei.com.cn/html/1164/> (referer: None)
2022-06-13 19:24:49,202 - httperror.py[line:53] - INFO: Ignoring response <404 http://www.gsei.com.cn/html/1164/>: HTTP status code is not handled or not allowed
2022-06-13 19:24:49,485 - engine.py[line:291] - DEBUG: Crawled (404) <GET http://www.gsei.com.cn/html/1164/list-2.html> (referer: None)
2022-06-13 19:24:49,600 - httperror.py[line:53] - INFO: Ignoring response <404 http://www.gsei.com.cn/html/1164/list-2.html>: HTTP status code is not handled or not allowed
2022-06-13 19:24:49,663 - engine.py[line:291] - DEBUG: Crawled (404) <GET http://www.gsei.com.cn/html/1164/list-3.html> (referer: None)
2022-06-13 19:24:49,773 - httperror.py[line:53] - INFO: Ignoring response <404 http://www.gsei.com.cn/html/1164/list-3.html>: HTTP status code is not handled or not allowed
2022-06-13 19:24:50,071 - engine.py[line:291] - DEBUG: Crawled (404) <GET http://www.gsei.com.cn/html/1167/> (referer: None)
2022-06-13 19:24:50,180 - httperror.py[line:53] - INFO: Ignoring response <404 http://www.gsei.com.cn/html/1167/>: HTTP status code is not handled or not allowed
2022-06-13 19:24:50,478 - engine.py[line:291] - DEBUG: Crawled (404) <GET http://www.gsei.com.cn/html/1167/list-2.html> (referer: None)
2022-06-13 19:24:50,588 - httperror.py[line:53] - INFO: Ignoring response <404 http://www.gsei.com.cn/html/1167/list-2.html>: HTTP status code is not handled or not allowed
2022-06-13 19:24:50,824 - engine.py[line:291] - DEBUG: Crawled (200) <GET http://www.gsei.com.cn/html/1337/2022-06-13/content-380540.html> (referer: http://www.gsei.com.cn/html/1337/)
2022-06-13 19:24:50,934 - scraper.py[line:275] - DEBUG: Scraped from <200 http://www.gsei.com.cn/html/1337/2022-06-13/content-380540.html>
None
2022-06-13 19:24:51,012 - engine.py[line:291] - DEBUG: Crawled (200) <GET http://www.gsei.com.cn/html/1337/2022-06-13/content-380447.html> (referer: http://www.gsei.com.cn/html/1337/list-2.html)
2022-06-13 19:24:51,122 - scraper.py[line:275] - DEBUG: Scraped from <200 http://www.gsei.com.cn/html/1337/2022-06-13/content-380447.html>
None
2022-06-13 19:24:51,358 - engine.py[line:291] - DEBUG: Crawled (200) <GET http://www.gsei.com.cn/html/1337/2022-06-10/content-380286.html> (referer: http://www.gsei.com.cn/html/1337/list-3.html)
2022-06-13 19:24:51,498 - scraper.py[line:275] - DEBUG: Scraped from <200 http://www.gsei.com.cn/html/1337/2022-06-10/content-380286.html>
None
2022-06-13 19:24:51,812 - engine.py[line:291] - DEBUG: Crawled (200) <GET http://www.gsei.com.cn/html/1336/2022-06-13/content-380496.html> (referer: http://www.gsei.com.cn/html/1336/)
2022-06-13 19:24:51,922 - scraper.py[line:275] - DEBUG: Scraped from <200 http://www.gsei.com.cn/html/1336/2022-06-13/content-380496.html>
None
2022-06-13 19:24:52,173 - engine.py[line:291] - DEBUG: Crawled (200) <GET http://www.gsei.com.cn/html/1336/2022-06-10/content-380329.html> (referer: http://www.gsei.com.cn/html/1336/list-2.html)
2022-06-13 19:24:52,283 - scraper.py[line:275] - DEBUG: Scraped from <200 http://www.gsei.com.cn/html/1336/2022-06-10/content-380329.html>
None
2022-06-13 19:24:52,487 - engine.py[line:291] - DEBUG: Crawled (200) <GET http://www.gsei.com.cn/html/1336/2022-06-10/content-380255.html> (referer: http://www.gsei.com.cn/html/1336/list-3.html)
2022-06-13 19:24:52,597 - scraper.py[line:275] - DEBUG: Scraped from <200 http://www.gsei.com.cn/html/1336/2022-06-10/content-380255.html>
None
2022-06-13 19:24:52,722 - engine.py[line:291] - DEBUG: Crawled (200) <GET http://www.gsei.com.cn/html/1663/2022-06-09/content-380037.html> (referer: http://www.gsei.com.cn/html/1663/)
2022-06-13 19:24:52,832 - scraper.py[line:275] - DEBUG: Scraped from <200 http://www.gsei.com.cn/html/1663/2022-06-09/content-380037.html>
None
2022-06-13 19:24:53,083 - engine.py[line:291] - DEBUG: Crawled (200) <GET http://www.gsei.com.cn/html/1663/2022-06-07/content-379568.html> (referer: http://www.gsei.com.cn/html/1663/list-2.html)
