2022-06-14 10:16:07,650 - middleware.py[line:51] - INFO: Enabled downloader middlewares:
['Qinghai.middlewares.RandomUserAgentMiddleware',
 'scrapy.downloadermiddlewares.httpauth.HttpAuthMiddleware',
 'scrapy.downloadermiddlewares.downloadtimeout.DownloadTimeoutMiddleware',
 'scrapy.downloadermiddlewares.defaultheaders.DefaultHeadersMiddleware',
 'scrapy.downloadermiddlewares.useragent.UserAgentMiddleware',
 'scrapy.downloadermiddlewares.retry.RetryMiddleware',
 'scrapy.downloadermiddlewares.redirect.MetaRefreshMiddleware',
 'scrapy.downloadermiddlewares.httpcompression.HttpCompressionMiddleware',
 'scrapy.downloadermiddlewares.redirect.RedirectMiddleware',
 'scrapy.downloadermiddlewares.cookies.CookiesMiddleware',
 'scrapy.downloadermiddlewares.httpproxy.HttpProxyMiddleware',
 'scrapy.downloadermiddlewares.stats.DownloaderStats']
2022-06-14 10:16:07,653 - middleware.py[line:51] - INFO: Enabled spider middlewares:
['scrapy.spidermiddlewares.httperror.HttpErrorMiddleware',
 'scrapy.spidermiddlewares.offsite.OffsiteMiddleware',
 'scrapy.spidermiddlewares.referer.RefererMiddleware',
 'scrapy.spidermiddlewares.urllength.UrlLengthMiddleware',
 'scrapy.spidermiddlewares.depth.DepthMiddleware']
2022-06-14 10:16:07,655 - middleware.py[line:51] - INFO: Enabled item pipelines:
['Qinghai.pipelines.QinghaiPipeline']
2022-06-14 10:16:07,655 - engine.py[line:313] - INFO: Spider opened
2022-06-14 10:16:07,869 - logstats.py[line:48] - INFO: Crawled 0 pages (at 0 pages/min), scraped 0 items (at 0 items/min)
2022-06-14 10:16:07,870 - telnet.py[line:67] - INFO: Telnet console listening on 127.0.0.1:6023
2022-06-14 10:16:08,906 - engine.py[line:291] - DEBUG: Crawled (200) <GET http://www.csdsj.com/col/col11245/index.html?uid=74715&pageNum=1> (referer: None)
2022-06-14 10:16:09,904 - engine.py[line:291] - DEBUG: Crawled (200) <GET http://www.csdsj.com/art/2020/12/9/art_11245_1004762.html> (referer: http://www.csdsj.com/col/col11245/index.html?uid=74715&pageNum=1)
2022-06-14 10:16:11,198 - engine.py[line:291] - DEBUG: Crawled (200) <GET http://www.csdsj.com/art/2021/1/11/art_11245_1004764.html> (referer: http://www.csdsj.com/col/col11245/index.html?uid=74715&pageNum=1)
2022-06-14 10:16:12,146 - engine.py[line:291] - DEBUG: Crawled (200) <GET http://www.csdsj.com/art/2020/11/10/art_11245_1004760.html> (referer: http://www.csdsj.com/col/col11245/index.html?uid=74715&pageNum=1)
2022-06-14 10:16:12,274 - engine.py[line:291] - DEBUG: Crawled (200) <GET http://www.csdsj.com/art/2021/5/8/art_11245_1093808.html> (referer: http://www.csdsj.com/col/col11245/index.html?uid=74715&pageNum=1)
2022-06-14 10:16:12,331 - engine.py[line:291] - DEBUG: Crawled (200) <GET http://www.csdsj.com/art/2021/6/10/art_11245_1139499.html> (referer: http://www.csdsj.com/col/col11245/index.html?uid=74715&pageNum=1)
2022-06-14 10:16:12,637 - engine.py[line:291] - DEBUG: Crawled (200) <GET http://www.csdsj.com/art/2021/2/8/art_11245_1086809.html> (referer: http://www.csdsj.com/col/col11245/index.html?uid=74715&pageNum=1)
2022-06-14 10:16:13,058 - engine.py[line:291] - DEBUG: Crawled (200) <GET http://www.csdsj.com/art/2021/7/16/art_11245_1176001.html> (referer: http://www.csdsj.com/col/col11245/index.html?uid=74715&pageNum=1)
2022-06-14 10:16:13,105 - engine.py[line:291] - DEBUG: Crawled (200) <GET http://www.csdsj.com/art/2021/3/8/art_11245_1086814.html> (referer: http://www.csdsj.com/col/col11245/index.html?uid=74715&pageNum=1)
2022-06-14 10:16:13,897 - engine.py[line:291] - DEBUG: Crawled (200) <GET http://www.csdsj.com/art/2021/8/6/art_11245_1193797.html> (referer: http://www.csdsj.com/col/col11245/index.html?uid=74715&pageNum=1)
2022-06-14 10:16:13,962 - engine.py[line:291] - DEBUG: Crawled (200) <GET http://www.csdsj.com/art/2021/8/17/art_11245_1199982.html> (referer: http://www.csdsj.com/col/col11245/index.html?uid=74715&pageNum=1)
2022-06-14 10:16:14,272 - engine.py[line:291] - DEBUG: Crawled (200) <GET http://www.csdsj.com/art/2021/6/18/art_11245_1154479.html> (referer: http://www.csdsj.com/col/col11245/index.html?uid=74715&pageNum=1)
2022-06-14 10:16:14,447 - engine.py[line:291] - DEBUG: Crawled (200) <GET http://www.csdsj.com/art/2021/9/9/art_11245_1215633.html> (referer: http://www.csdsj.com/col/col11245/index.html?uid=74715&pageNum=1)
2022-06-14 10:16:15,275 - engine.py[line:291] - DEBUG: Crawled (200) <GET http://www.csdsj.com/art/2021/9/16/art_11245_1220914.html> (referer: http://www.csdsj.com/col/col11245/index.html?uid=74715&pageNum=1)
2022-06-14 10:16:16,006 - engine.py[line:291] - DEBUG: Crawled (200) <GET http://www.csdsj.com/art/2021/11/15/art_11245_1259582.html> (referer: http://www.csdsj.com/col/col11245/index.html?uid=74715&pageNum=1)
2022-06-14 10:16:16,725 - engine.py[line:291] - DEBUG: Crawled (200) <GET http://www.csdsj.com/art/2021/8/11/art_11245_1196423.html> (referer: http://www.csdsj.com/col/col11245/index.html?uid=74715&pageNum=1)
2022-06-14 10:16:16,851 - engine.py[line:291] - DEBUG: Crawled (200) <GET http://www.csdsj.com/art/2022/1/10/art_11245_1300591.html> (referer: http://www.csdsj.com/col/col11245/index.html?uid=74715&pageNum=1)
2022-06-14 10:16:16,891 - engine.py[line:291] - DEBUG: Crawled (200) <GET http://www.csdsj.com/art/2021/10/20/art_11245_1241942.html> (referer: http://www.csdsj.com/col/col11245/index.html?uid=74715&pageNum=1)
2022-06-14 10:16:17,208 - engine.py[line:291] - DEBUG: Crawled (200) <GET http://www.csdsj.com/art/2022/3/10/art_11245_1331318.html> (referer: http://www.csdsj.com/col/col11245/index.html?uid=74715&pageNum=1)
2022-06-14 10:16:17,212 - engine.py[line:291] - DEBUG: Crawled (200) <GET http://www.csdsj.com/art/2021/9/24/art_11245_1226371.html> (referer: http://www.csdsj.com/col/col11245/index.html?uid=74715&pageNum=1)
2022-06-14 10:16:17,627 - engine.py[line:291] - DEBUG: Crawled (200) <GET http://www.csdsj.com/art/2022/2/16/art_11245_1319175.html> (referer: http://www.csdsj.com/col/col11245/index.html?uid=74715&pageNum=1)
2022-06-14 10:16:17,881 - engine.py[line:291] - DEBUG: Crawled (200) <GET http://www.csdsj.com/art/2022/3/31/art_11245_1364835.html> (referer: http://www.csdsj.com/col/col11245/index.html?uid=74715&pageNum=1)
2022-06-14 10:16:18,032 - engine.py[line:291] - DEBUG: Crawled (200) <GET http://www.csdsj.com/art/2021/12/13/art_11245_1279429.html> (referer: http://www.csdsj.com/col/col11245/index.html?uid=74715&pageNum=1)
2022-06-14 10:16:19,423 - engine.py[line:291] - DEBUG: Crawled (200) <GET http://www.csdsj.com/art/2022/6/9/art_11245_1424139.html> (referer: http://www.csdsj.com/col/col11245/index.html?uid=74715&pageNum=1)
2022-06-14 10:16:19,569 - scraper.py[line:275] - DEBUG: Scraped from <200 http://www.csdsj.com/art/2022/6/9/art_11245_1424139.html>
None
2022-06-14 10:16:19,912 - engine.py[line:291] - DEBUG: Crawled (200) <GET http://www.csdsj.com/art/2022/4/11/art_11245_1371820.html> (referer: http://www.csdsj.com/col/col11245/index.html?uid=74715&pageNum=1)
2022-06-14 10:16:19,938 - engine.py[line:291] - DEBUG: Crawled (200) <GET http://www.csdsj.com/art/2022/5/13/art_11245_1398926.html> (referer: http://www.csdsj.com/col/col11245/index.html?uid=74715&pageNum=1)
2022-06-14 10:16:20,215 - engine.py[line:291] - DEBUG: Crawled (200) <GET http://www.csdsj.com/art/2022/6/9/art_11245_1423935.html> (referer: http://www.csdsj.com/col/col11245/index.html?uid=74715&pageNum=1)
2022-06-14 10:16:20,324 - scraper.py[line:275] - DEBUG: Scraped from <200 http://www.csdsj.com/art/2022/6/9/art_11245_1423935.html>
None
2022-06-14 10:16:22,617 - engine.py[line:291] - DEBUG: Crawled (200) <GET http://www.csdsj.com/art/2022/6/13/art_11245_1425846.html> (referer: http://www.csdsj.com/col/col11245/index.html?uid=74715&pageNum=1)
2022-06-14 10:16:22,727 - scraper.py[line:275] - DEBUG: Scraped from <200 http://www.csdsj.com/art/2022/6/13/art_11245_1425846.html>
None
2022-06-14 10:17:07,881 - logstats.py[line:48] - INFO: Crawled 28 pages (at 28 pages/min), scraped 3 items (at 3 items/min)
2022-06-14 10:17:14,598 - http11.py[line:585] - WARNING: Got data loss in http://www.csdsj.com/art/2021/4/26/art_11245_1086816.html. If you want to process broken responses set the setting DOWNLOAD_FAIL_ON_DATALOSS = False -- This message won't be shown in further requests
2022-06-14 10:17:14,599 - retry.py[line:96] - DEBUG: Retrying <GET http://www.csdsj.com/art/2021/4/26/art_11245_1086816.html> (failed 1 times): [<twisted.python.failure.Failure twisted.internet.error.ConnectionDone: Connection was closed cleanly.>, <twisted.python.failure.Failure twisted.web.http._DataLoss: >]
2022-06-14 10:17:15,469 - http11.py[line:585] - WARNING: Got data loss in http://www.csdsj.com/art/2021/5/17/art_11245_1102852.html. If you want to process broken responses set the setting DOWNLOAD_FAIL_ON_DATALOSS = False -- This message won't be shown in further requests
2022-06-14 10:17:15,470 - retry.py[line:96] - DEBUG: Retrying <GET http://www.csdsj.com/art/2021/5/17/art_11245_1102852.html> (failed 1 times): [<twisted.python.failure.Failure twisted.internet.error.ConnectionDone: Connection was closed cleanly.>, <twisted.python.failure.Failure twisted.web.http._DataLoss: >]
2022-06-14 10:17:15,840 - engine.py[line:291] - DEBUG: Crawled (200) <GET http://www.csdsj.com/art/2021/5/17/art_11245_1102852.html> (referer: http://www.csdsj.com/col/col11245/index.html?uid=74715&pageNum=1)
2022-06-14 10:17:16,435 - engine.py[line:291] - DEBUG: Crawled (200) <GET http://www.csdsj.com/art/2021/4/26/art_11245_1086816.html> (referer: http://www.csdsj.com/col/col11245/index.html?uid=74715&pageNum=1)
2022-06-14 10:17:21,067 - http11.py[line:585] - WARNING: Got data loss in http://www.csdsj.com/art/2022/4/2/art_11245_1365871.html. If you want to process broken responses set the setting DOWNLOAD_FAIL_ON_DATALOSS = False -- This message won't be shown in further requests
2022-06-14 10:17:21,068 - retry.py[line:96] - DEBUG: Retrying <GET http://www.csdsj.com/art/2022/4/2/art_11245_1365871.html> (failed 1 times): [<twisted.python.failure.Failure twisted.internet.error.ConnectionDone: Connection was closed cleanly.>, <twisted.python.failure.Failure twisted.web.http._DataLoss: >]
2022-06-14 10:17:24,308 - engine.py[line:291] - DEBUG: Crawled (200) <GET http://www.csdsj.com/art/2022/4/2/art_11245_1365871.html> (referer: http://www.csdsj.com/col/col11245/index.html?uid=74715&pageNum=1)
2022-06-14 10:17:24,415 - engine.py[line:358] - INFO: Closing spider (finished)
2022-06-14 10:17:24,416 - statscollectors.py[line:46] - INFO: Dumping Scrapy stats:
{'downloader/exception_count': 3,
 'downloader/exception_type_count/twisted.web._newclient.ResponseFailed': 3,
 'downloader/request_bytes': 13118,
 'downloader/request_count': 34,
 'downloader/request_method_count/GET': 34,
 'downloader/response_bytes': 316780,
 'downloader/response_count': 31,
 'downloader/response_status_count/200': 31,
 'elapsed_time_seconds': 76.54657,
 'finish_reason': 'finished',
 'finish_time': datetime.datetime(2022, 6, 14, 2, 17, 24, 415651),
 'httpcompression/response_bytes': 1214900,
 'httpcompression/response_count': 31,
 'item_scraped_count': 3,
 'log_count/DEBUG': 38,
 'log_count/INFO': 11,
 'log_count/WARNING': 3,
 'request_depth_max': 1,
 'response_received_count': 31,
 'retry/count': 3,
 'retry/reason_count/twisted.web._newclient.ResponseFailed': 3,
 'scheduler/dequeued': 34,
 'scheduler/dequeued/memory': 34,
 'scheduler/enqueued': 34,
 'scheduler/enqueued/memory': 34,
 'start_time': datetime.datetime(2022, 6, 14, 2, 16, 7, 869081)}
2022-06-14 10:17:24,416 - engine.py[line:385] - INFO: Spider closed (finished)
